#
# A fatal error has been detected by the Java Runtime Environment:
#
#  EXCEPTION_ACCESS_VIOLATION (0xc0000005) at pc=0x00007ffdaee9be01, pid=7452, tid=15188
#
# JRE version: OpenJDK Runtime Environment Temurin-23+37 (23.0+37) (build 23+37)
# Java VM: OpenJDK 64-Bit Server VM Temurin-23+37 (23+37, mixed mode, sharing, tiered, compressed oops, compressed class ptrs, g1 gc, windows-amd64)
# Problematic frame:
# C  [awt.dll+0xdbe01]
#
# No core dump will be written. Minidumps are not enabled by default on client versions of Windows
#
# If you would like to submit a bug report, please visit:
#   https://github.com/adoptium/adoptium-support/issues
# The crash happened outside the Java Virtual Machine in native code.
# See problematic frame for where to report the bug.
#

---------------  S U M M A R Y ------------

Command Line: supportGUI.SteinerDiskGraphsViewer -nbPoints 1000 -edgeThreshold 55

Host: Intel(R) Core(TM) Ultra 9 185H, 22 cores, 31G,  Windows 11 , 64 bit Build 26100 (10.0.26100.3037)
Time: Fri Feb 21 15:30:11 2025 Paris, Madrid elapsed time: 824.069050 seconds (0d 0h 13m 44s)

---------------  T H R E A D  ---------------

Current thread (0x000001b828a30400):  JavaThread "AWT-Windows" daemon [_thread_in_native, id=15188, stack(0x00000078eae00000,0x00000078eaf00000) (1024K)]

Stack: [0x00000078eae00000,0x00000078eaf00000],  sp=0x00000078eaefee20,  free space=1019k
Native frames: (J=compiled Java code, j=interpreted, Vv=VM code, C=native code)
C  [awt.dll+0xdbe01]  (no source info available)
C  [awt.dll+0x978ac]  (no source info available)
C  [awt.dll+0x97956]  (no source info available)
C  [awt.dll+0x94d28]  (no source info available)
C  [awt.dll+0xe100c]  (no source info available)
C  [awt.dll+0xb0d8d]  (no source info available)
C  [awt.dll+0x97e8d]  (no source info available)
C  [USER32.dll+0x152a1]  (no source info available)
C  [USER32.dll+0x14d7c]  (no source info available)
C  [awt.dll+0x161a3]  (no source info available)
C  [COMCTL32.dll+0x24b38]  (no source info available)
C  [COMCTL32.dll+0x2490f]  (no source info available)
C  [USER32.dll+0x152a1]  (no source info available)
C  [USER32.dll+0x12e0d]  (no source info available)
C  [awt.dll+0xd531e]  (no source info available)
C  [awt.dll+0xd7242]  (no source info available)
C  0x000001b8126bd207  (no source info available)

The last pc belongs to native method entry point (kind = native) (printed below).
Java frames: (J=compiled Java code, j=interpreted, Vv=VM code)
j  sun.awt.windows.WToolkit.eventLoop()V+0 java.desktop@23
j  sun.awt.windows.WToolkit.run()V+50 java.desktop@23
j  java.lang.Thread.runWith(Ljava/lang/Object;Ljava/lang/Runnable;)V+5 java.base@23
j  java.lang.Thread.run()V+19 java.base@23
v  ~StubRoutines::call_stub 0x000001b8126b0fcd

siginfo: EXCEPTION_ACCESS_VIOLATION (0xc0000005), reading address 0x0000000000000008


Registers:
RAX=0x0000000000000000, RBX=0x000001b870c9dbd0, RCX=0x0000000000000000, RDX=0x0000000000000000
RSP=0x00000078eaefee20, RBP=0x00000078eaefef29, RSI=0x0000000002010be5, RDI=0x0000000000000000
R8 =0x0000000000000001, R9 =0x00000078e9522000, R10=0x0000000000000000, R11=0x0000000000000246
R12=0x0000000000000000, R13=0x0000000000000310, R14=0x0000000000000000, R15=0x0000000000000000
RIP=0x00007ffdaee9be01, EFLAGS=0x0000000000010246


Register to memory mapping:

RAX=0x0 is null
RBX=0x000001b870c9dbd0 points into unknown readable memory: 0x000001b870d74e00 | 00 4e d7 70 b8 01 00 00
RCX=0x0 is null
RDX=0x0 is null
RSP=0x00000078eaefee20 is pointing into the stack for thread: 0x000001b828a30400
RBP=0x00000078eaefef29 is pointing into the stack for thread: 0x000001b828a30400
RSI=0x0000000002010be5 is an unknown value
RDI=0x0 is null
R8 =0x0000000000000001 is an unknown value
R9 =0x00000078e9522000 points into unknown readable memory: 0x0000000000000000 | 00 00 00 00 00 00 00 00
R10=0x0 is null
R11=0x0000000000000246 is an unknown value
R12=0x0 is null
R13=0x0000000000000310 is an unknown value
R14=0x0 is null
R15=0x0 is null

Top of Stack: (sp=0x00000078eaefee20)
0x00000078eaefee20:   00007ffdaeef9838 0000000002010be5
0x00000078eaefee30:   0000000000000000 0000000000000000
0x00000078eaefee40:   0000000000000000 00007ffdaee578ac
0x00000078eaefee50:   0000000002010be5 000001b828a77f90
0x00000078eaefee60:   000001b870c9dbd0 00000078eaeff198
0x00000078eaefee70:   0000000000000000 00007ffdaee57956
0x00000078eaefee80:   000001b828a77f90 00007ffdaedc0000
0x00000078eaefee90:   00000078eaefef88 00007ffdb8394b38
0x00000078eaefeea0:   0000000000000000 00007ffdaee54d28
0x00000078eaefeeb0:   000001b828a77f90 0000000000000000
0x00000078eaefeec0:   00007ffdaee57e30 00007ffde31c349e
0x00000078eaefeed0:   0000000000000000 00007ffde14ea959
0x00000078eaefeee0:   00000078eaefef80 0000000000000001
0x00000078eaefeef0:   0000000000000000 00000078eaefef88
0x00000078eaefef00:   0000000000000000 0000000000000000
0x00000078eaefef10:   0000000000000000 000001b828a307c0
0x00000078eaefef20:   000001b828a78030 0000000000000000
0x00000078eaefef30:   0000000000000000 0000488b20b3aae4
0x00000078eaefef40:   0000000000000000 0000000000000000
0x00000078eaefef50:   0000000000000000 0000000000000000
0x00000078eaefef60:   0000000000000000 0000000000000310
0x00000078eaefef70:   0000000000000000 000001b828a77f90
0x00000078eaefef80:   000001b828a77f90 00007ffdaeea100c
0x00000078eaefef90:   0000000000000000 0000bdd7750438ac
0x00000078eaefefa0:   0000915adfed42ec 0000000000000022
0x00000078eaefefb0:   0000000000000001 0000000000000000
0x00000078eaefefc0:   0000000000000000 00007ffde14c54d2
0x00000078eaefefd0:   0000000000000000 000000000000c262
0x00000078eaefefe0:   0000000000000022 00007ffde31728ef
0x00000078eaefeff0:   00000000002407ca 00007ffde14c608a
0x00000078eaeff000:   ffffffffffffffeb 0000488b20b3abc4
0x00000078eaeff010:   000001b805e93810 0000000000000000 

Instructions: (pc=0x00007ffdaee9be01)
0x00007ffdaee9bd01:   83 ec 28 66 0f 6e c2 0f 5b c0 f3 0f 59 41 48 0f
0x00007ffdaee9bd11:   5a c8 f2 0f 10 05 cd 4e 03 00 f2 0f 5c 0d f5 4e
0x00007ffdaee9bd21:   01 00 66 0f 2f c1 76 0a b8 00 00 00 80 48 83 c4
0x00007ffdaee9bd31:   28 c3 66 0f 2f 0d 75 98 02 00 76 0a b8 ff ff ff
0x00007ffdaee9bd41:   7f 48 83 c4 28 c3 0f 28 c1 e8 2f 0e 01 00 f2 0f
0x00007ffdaee9bd51:   2c c0 48 83 c4 28 c3 cc cc cc cc cc cc cc cc 48
0x00007ffdaee9bd61:   83 ec 28 66 0f 6e c2 0f 5b c0 f3 0f 59 41 4c 0f
0x00007ffdaee9bd71:   5a c8 f2 0f 10 05 6d 4e 03 00 f2 0f 5c 0d 95 4e
0x00007ffdaee9bd81:   01 00 66 0f 2f c1 76 0a b8 00 00 00 80 48 83 c4
0x00007ffdaee9bd91:   28 c3 66 0f 2f 0d 15 98 02 00 76 0a b8 ff ff ff
0x00007ffdaee9bda1:   7f 48 83 c4 28 c3 0f 28 c1 e8 cf 0d 01 00 f2 0f
0x00007ffdaee9bdb1:   2c c0 48 83 c4 28 c3 cc cc cc cc cc cc cc cc 48
0x00007ffdaee9bdc1:   8b 49 08 48 85 c9 0f 85 23 7d fe ff 33 c0 c3 48
0x00007ffdaee9bdd1:   89 5c 24 08 48 89 74 24 10 57 48 83 ec 20 8b fa
0x00007ffdaee9bde1:   48 8b f1 e8 f7 be f4 ff 48 8b d8 48 89 44 24 40
0x00007ffdaee9bdf1:   41 b8 01 00 00 00 8b d7 48 8b c8 e8 4f be f4 ff
0x00007ffdaee9be01:   48 8b 48 08 48 85 c9 74 0d 48 8b d6 e8 de 7c fe
0x00007ffdaee9be11:   ff 48 8b f8 eb 02 33 ff 48 8b cb e8 7f c0 f4 ff
0x00007ffdaee9be21:   90 48 8b c7 48 8b 5c 24 30 48 8b 74 24 38 48 83
0x00007ffdaee9be31:   c4 20 5f c3 cc cc cc cc cc cc cc cc cc cc cc 48
0x00007ffdaee9be41:   8b 01 89 10 c3 cc cc cc cc cc cc cc cc cc cc 40
0x00007ffdaee9be51:   57 48 83 ec 40 48 83 79 38 00 48 8b f9 0f 84 96
0x00007ffdaee9be61:   01 00 00 48 8b 0d b5 9f 06 00 ba 02 00 01 00 48
0x00007ffdaee9be71:   89 5c 24 58 48 89 74 24 68 e8 40 d9 00 00 4c 8b
0x00007ffdaee9be81:   05 12 a5 06 00 48 8b c8 48 8b 57 38 48 8b d8 4c
0x00007ffdaee9be91:   8b 08 41 ff 91 f8 02 00 00 48 8b f0 48 85 c0 0f
0x00007ffdaee9bea1:   84 4a 01 00 00 4c 8b 0b 48 8b d0 4c 8b 05 d5 a4
0x00007ffdaee9beb1:   06 00 48 8b cb 41 ff 91 00 01 00 00 84 c0 0f 84
0x00007ffdaee9bec1:   2b 01 00 00 48 8b 7f 08 48 8b d6 48 8b 03 48 8b
0x00007ffdaee9bed1:   cb 4c 8b 05 c7 a4 06 00 48 81 c7 00 04 00 00 48
0x00007ffdaee9bee1:   89 6c 24 60 4c 89 7c 24 20 ff 90 f8 02 00 00 4c
0x00007ffdaee9bef1:   8b 0b 48 8b d6 4c 8b 05 ab a4 06 00 48 8b cb 4c 


Stack slot to memory mapping:

stack at sp + 0 slots: 0x00007ffdaeef9838 awt.dll
stack at sp + 1 slots: 0x0000000002010be5 is an unknown value
stack at sp + 2 slots: 0x0 is null
stack at sp + 3 slots: 0x0 is null
stack at sp + 4 slots: 0x0 is null
stack at sp + 5 slots: 0x00007ffdaee578ac awt.dll
stack at sp + 6 slots: 0x0000000002010be5 is an unknown value
stack at sp + 7 slots: 0x000001b828a77f90 points into unknown readable memory: 0x00007ffdaeecc870 | 70 c8 ec ae fd 7f 00 00

Lock stack of current Java thread (top to bottom):

native method entry point (kind = native)  [0x000001b8126bcde0, 0x000001b8126bd938]  2904 bytes
[MachCode]
  0x000001b8126bcde0: 488b 4b08 | 0fb7 492e | 584c 8d74 | ccf8 6800 | 0000 0068 | 0000 0000 | 5055 488b | ec41 5568 
  0x000001b8126bce00: 0000 0000 | 4c8b 6b08 | 4d8d 6d38 | 5348 8b53 | 0848 8b52 | 0848 8b52 | 1848 8b52 | 7048 8b12 
  0x000001b8126bce20: 5248 8b53 | 1048 85d2 | 0f84 0700 | 0000 4881 | c210 0100 | 0052 488b | 5308 488b | 5208 488b 
  0x000001b8126bce40: 5210 5249 | 8bc6 482b | c548 c1e8 | 0350 6800 | 0000 0068 | f7ff ffff | 41c6 8771 | 0400 0001 
  0x000001b8126bce60: 488b 4310 | 4885 c074 | 208b 88cc | 0000 0083 | c102 8988 | cc00 0000 | 2388 e000 | 0000 0f84 
  0x000001b8126bce80: 000a 0000 | e9cf 0000 | 0048 8b43 | 1848 85c0 | 0f85 b000 | 0000 e805 | 0000 00e9 | 9900 0000 
  0x000001b8126bcea0: 488b d348 | 8d44 2408 | 4c89 6dc0 | 498b cfc5 | f877 4989 | afb0 0300 | 0049 8987 | a003 0000 
  0x000001b8126bcec0: 4883 ec20 | 40f6 c40f | 0f84 1900 | 0000 4883 | ec08 48b8 | 608d e727 | fd7f 0000 | ffd0 4883 
  0x000001b8126bcee0: c408 e90c | 0000 0048 | b860 8de7 | 27fd 7f00 | 00ff d048 | 83c4 2049 | c787 a003 | 0000 0000 
  0x000001b8126bcf00: 0000 49c7 | 87b0 0300 | 0000 0000 | 0049 c787 | a803 0000 | 0000 0000 | c5f8 7749 | 837f 0800 
  0x000001b8126bcf20: 0f84 0500 | 0000 e995 | 3fff ff4c | 8b6d c04c | 8b75 c84e | 8d74 f500 | c348 8b43 | 1848 85c0 
  0x000001b8126bcf40: 0f84 1200 | 0000 8b48 | 0883 c102 | 8948 0823 | 481c 0f84 | 2c09 0000 | 493b a7e8 | 0400 000f 
  0x000001b8126bcf60: 8748 0000 | 0089 8424 | 00f0 ffff | 8984 2400 | e0ff ff89 | 8424 00d0 | ffff 8984 | 2400 c0ff 
  0x000001b8126bcf80: ff89 8424 | 00b0 ffff | 8984 2400 | a0ff ff89 | 8424 0090 | ffff 8984 | 2400 80ff | ff49 3ba7 
  0x000001b8126bcfa0: e004 0000 | 7607 4989 | a7e8 0400 | 0041 c687 | 7104 0000 | 0049 ba91 | 3176 28fd | 7f00 0041 
  0x000001b8126bcfc0: 803a 000f | 843e 0000 | 0048 8b55 | e849 8bcf | 4883 ec20 | 40f6 c40f | 0f84 1900 | 0000 4883 
  0x000001b8126bcfe0: ec08 48b8 | 707e 1f28 | fd7f 0000 | ffd0 4883 | c408 e90c | 0000 0048 | b870 7e1f | 28fd 7f00 
  0x000001b8126bd000: 00ff d048 | 83c4 2048 | 8b5d e84c | 8b5b 0845 | 0fb7 5b2e | 41c1 e303 | 492b e348 | 83ec 2048 
  0x000001b8126bd020: 83e4 f04c | 8b5b 604d | 85db 0f85 | ab00 0000 | e805 0000 | 00e9 9900 | 0000 488b | d348 8d44 
  0x000001b8126bd040: 2408 4c89 | 6dc0 498b | cfc5 f877 | 4989 afb0 | 0300 0049 | 8987 a003 | 0000 4883 | ec20 40f6 
  0x000001b8126bd060: c40f 0f84 | 1900 0000 | 4883 ec08 | 48b8 c0b4 | e727 fd7f | 0000 ffd0 | 4883 c408 | e90c 0000 
  0x000001b8126bd080: 0048 b8c0 | b4e7 27fd | 7f00 00ff | d048 83c4 | 2049 c787 | a003 0000 | 0000 0000 | 49c7 87b0 
  0x000001b8126bd0a0: 0300 0000 | 0000 0049 | c787 a803 | 0000 0000 | 0000 c5f8 | 7749 837f | 0800 0f84 | 0500 0000 
  0x000001b8126bd0c0: e9fb 3dff | ff4c 8b6d | c04c 8b75 | c84e 8d74 | f500 c348 | 8b5d e84c | 8b5b 6041 | ffd3 488b 
  0x000001b8126bd0e0: 5de8 4889 | 4518 448b | 5b28 41f6 | c308 0f84 | 1b00 0000 | 4c8b 5b08 | 4d8b 5b08 | 4d8b 5b18 
  0x000001b8126bd100: 4d8b 5b70 | 4d8b 1b4c | 895d 1048 | 8d55 1048 | 8b43 5849 | bad0 cb1f | 28fd 7f00 | 0049 3bc2 
  0x000001b8126bd120: 0f85 ab00 | 0000 e805 | 0000 00e9 | 9900 0000 | 488b d348 | 8d44 2408 | 4c89 6dc0 | 498b cfc5 
  0x000001b8126bd140: f877 4989 | afb0 0300 | 0049 8987 | a003 0000 | 4883 ec20 | 40f6 c40f | 0f84 1900 | 0000 4883 
  0x000001b8126bd160: ec08 48b8 | c0b4 e727 | fd7f 0000 | ffd0 4883 | c408 e90c | 0000 0048 | b8c0 b4e7 | 27fd 7f00 
  0x000001b8126bd180: 00ff d048 | 83c4 2049 | c787 a003 | 0000 0000 | 0000 49c7 | 87b0 0300 | 0000 0000 | 0049 c787 
  0x000001b8126bd1a0: a803 0000 | 0000 0000 | c5f8 7749 | 837f 0800 | 0f84 0500 | 0000 e905 | 3dff ff4c | 8b6d c04c 
  0x000001b8126bd1c0: 8b75 c84e | 8d74 f500 | c348 8b5d | e848 8b43 | 5849 8d8f | c003 0000 | c5f8 7749 | 89af b003 
  0x000001b8126bd1e0: 0000 49ba | d8d1 6b12 | b801 0000 | 4d89 97a8 | 0300 0049 | 89a7 a003 | 0000 41c7 | 8744 0400 
  0x000001b8126bd200: 0004 0000 | 00ff d0c5 | f877 4883 | ec10 c5fb | 1104 2448 | 83ec 1048 | 8904 2448 | c744 2408 
  0x000001b8126bd220: 0000 0000 | 41c7 8744 | 0400 0005 | 0000 00f0 | 8344 24c0 | 0049 3baf | 4804 0000 | 0f87 0e00 
  0x000001b8126bd240: 0000 4183 | bf40 0400 | 0000 0f84 | 2000 0000 | 498b cf4c | 8be4 4883 | ec20 4883 | e4f0 48b8 
  0x000001b8126bd260: 6010 e927 | fd7f 0000 | ffd0 498b | e44d 33e4 | 41c7 8744 | 0400 0008 | 0000 0049 | c787 a003 
  0x000001b8126bd280: 0000 0000 | 0000 49c7 | 87b0 0300 | 0000 0000 | 0049 c787 | a803 0000 | 0000 0000 | c5f8 774d 
  0x000001b8126bd2a0: 8b9f 3004 | 0000 41c7 | 8300 0100 | 0000 0000 | 0049 bbda | a56b 12b8 | 0100 004c | 3b5d 180f 
  0x000001b8126bd2c0: 8524 0200 | 0048 8b04 | 2448 83c4 | 1048 85c0 | 0f84 fe01 | 0000 a803 | 0f85 0800 | 0000 488b 
  0x000001b8126bd2e0: 00e9 ee01 | 0000 a801 | 0f85 0900 | 0000 488b | 40fe e9dd | 0100 0048 | 8b40 ff41 | 807f 3800 
  0x000001b8126bd300: 0f84 ce01 | 0000 4883 | f800 0f84 | c401 0000 | 4d8b 5f28 | 4983 fb00 | 0f84 1400 | 0000 4983 
  0x000001b8126bd320: eb08 4d89 | 5f28 4d03 | 5f30 4989 | 03e9 a201 | 0000 4881 | ecd0 0000 | 0048 8904 | 2448 894c 
  0x000001b8126bd340: 2408 4889 | 5424 1048 | 8974 2418 | 4889 7c24 | 204c 8944 | 2428 4c89 | 4c24 304c | 8954 2438 
  0x000001b8126bd360: 4c89 5c24 | 40c5 fb11 | 4424 50c5 | fb11 4c24 | 58c5 fb11 | 5424 60c5 | fb11 5c24 | 68c5 fb11 
  0x000001b8126bd380: 6424 70c5 | fb11 6c24 | 78c5 fb11 | b424 8000 | 0000 c5fb | 11bc 2488 | 0000 00c5 | 7b11 8424 
  0x000001b8126bd3a0: 9000 0000 | c57b 118c | 2498 0000 | 00c5 7b11 | 9424 a000 | 0000 c57b | 119c 24a8 | 0000 00c5 
  0x000001b8126bd3c0: 7b11 a424 | b000 0000 | c57b 11ac | 24b8 0000 | 00c5 7b11 | b424 c000 | 0000 c57b | 11bc 24c8 
  0x000001b8126bd3e0: 0000 0049 | 8bd7 488b | c848 83ec | 2040 f6c4 | 0f0f 8419 | 0000 0048 | 83ec 0848 | b8b0 79dc 
  0x000001b8126bd400: 27fd 7f00 | 00ff d048 | 83c4 08e9 | 0c00 0000 | 48b8 b079 | dc27 fd7f | 0000 ffd0 | 4883 c420 
  0x000001b8126bd420: c57b 10bc | 24c8 0000 | 00c5 7b10 | b424 c000 | 0000 c57b | 10ac 24b8 | 0000 00c5 | 7b10 a424 
  0x000001b8126bd440: b000 0000 | c57b 109c | 24a8 0000 | 00c5 7b10 | 9424 a000 | 0000 c57b | 108c 2498 | 0000 00c5 
  0x000001b8126bd460: 7b10 8424 | 9000 0000 | c5fb 10bc | 2488 0000 | 00c5 fb10 | b424 8000 | 0000 c5fb | 106c 2478 
  0x000001b8126bd480: c5fb 1064 | 2470 c5fb | 105c 2468 | c5fb 1054 | 2460 c5fb | 104c 2458 | c5fb 1044 | 2450 4c8b 
  0x000001b8126bd4a0: 5c24 404c | 8b54 2438 | 4c8b 4c24 | 304c 8b44 | 2428 488b | 7c24 2048 | 8b74 2418 | 488b 5424 
  0x000001b8126bd4c0: 1048 8b4c | 2408 488b | 0424 4881 | c4d0 0000 | 00c5 f877 | 4889 4510 | 4883 ec10 | 4889 0424 
  0x000001b8126bd4e0: 48c7 4424 | 0800 0000 | 0041 83bf | c804 0000 | 020f 85bf | 0000 0048 | 81ec 8000 | 0000 4889 
  0x000001b8126bd500: 4424 7848 | 894c 2470 | 4889 5424 | 6848 895c | 2460 4889 | 6c24 5048 | 8974 2448 | 4889 7c24 
  0x000001b8126bd520: 404c 8944 | 2438 4c89 | 4c24 304c | 8954 2428 | 4c89 5c24 | 204c 8964 | 2418 4c89 | 6c24 104c 
  0x000001b8126bd540: 8974 2408 | 4c89 3c24 | 4c8b e448 | 83ec 2048 | 83e4 f048 | b840 b31f | 28fd 7f00 | 00ff d049 
  0x000001b8126bd560: 8be4 4c8b | 3c24 4c8b | 7424 084c | 8b6c 2410 | 4c8b 6424 | 184c 8b5c | 2420 4c8b | 5424 284c 
  0x000001b8126bd580: 8b4c 2430 | 4c8b 4424 | 3848 8b7c | 2440 488b | 7424 4848 | 8b6c 2450 | 488b 5c24 | 6048 8b54 
  0x000001b8126bd5a0: 2468 488b | 4c24 7048 | 8b44 2478 | 4881 c480 | 0000 004d | 33e4 488b | 5de8 4c8b | 6b08 4d8d 
  0x000001b8126bd5c0: 6d38 4983 | 7f08 000f | 84bb 0000 | 00e8 0500 | 0000 e996 | 0000 0048 | 8d44 2408 | 4c89 6dc0 
  0x000001b8126bd5e0: 498b cfc5 | f877 4989 | afb0 0300 | 0049 8987 | a003 0000 | 4883 ec20 | 40f6 c40f | 0f84 1900 
  0x000001b8126bd600: 0000 4883 | ec08 48b8 | d0d2 e727 | fd7f 0000 | ffd0 4883 | c408 e90c | 0000 0048 | b8d0 d2e7 
  0x000001b8126bd620: 27fd 7f00 | 00ff d048 | 83c4 2049 | c787 a003 | 0000 0000 | 0000 49c7 | 87b0 0300 | 0000 0000 
  0x000001b8126bd640: 0049 c787 | a803 0000 | 0000 0000 | c5f8 7749 | 837f 0800 | 0f84 0500 | 0000 e961 | 38ff ff4c 
  0x000001b8126bd660: 8b6d c04c | 8b75 c84e | 8d74 f500 | c348 b920 | 8e4c 28fd | 7f00 0048 | 83e4 f048 | b870 b30d 
  0x000001b8126bd680: 28fd 7f00 | 00ff d0f4 | 448b 5b28 | 41f6 c320 | 0f84 7901 | 0000 488d | 55a8 4c8b | 5a08 4d85 
  0x000001b8126bd6a0: db0f 85bb | 0000 00e8 | 0500 0000 | e996 0000 | 0048 8d44 | 2408 4c89 | 6dc0 498b | cfc5 f877 
  0x000001b8126bd6c0: 4989 afb0 | 0300 0049 | 8987 a003 | 0000 4883 | ec20 40f6 | c40f 0f84 | 1900 0000 | 4883 ec08 
  0x000001b8126bd6e0: 48b8 00d2 | e727 fd7f | 0000 ffd0 | 4883 c408 | e90c 0000 | 0048 b800 | d2e7 27fd | 7f00 00ff 
  0x000001b8126bd700: d048 83c4 | 2049 c787 | a003 0000 | 0000 0000 | 49c7 87b0 | 0300 0000 | 0000 0049 | c787 a803 
  0x000001b8126bd720: 0000 0000 | 0000 c5f8 | 7749 837f | 0800 0f84 | 0500 0000 | e987 37ff | ff4c 8b6d | c04c 8b75 
  0x000001b8126bd740: c84e 8d74 | f500 c348 | b920 8e4c | 28fd 7f00 | 0048 83e4 | f048 b870 | b30d 28fd | 7f00 00ff 
  0x000001b8126bd760: d0f4 4c89 | 6dc0 4c8b | 4a08 48c7 | 4208 0000 | 0000 458b | 8718 0600 | 004f 3b4c | 07f8 0f85 
  0x000001b8126bd780: 4900 0000 | 4183 af18 | 0600 0008 | 4f3b 4c07 | f00f 842a | 0000 0049 | 8b01 a802 | 0f85 1200 
  0x000001b8126bd7a0: 0000 4c8b | c049 83c8 | 01f0 4d0f | b101 0f84 | 0d00 0000 | 4183 8718 | 0600 0008 | e90c 0000 
  0x000001b8126bd7c0: 0049 ff8f | 5005 0000 | e93e 0000 | 004c 894a | 0848 8bca | 4883 ec20 | 40f6 c40f | 0f84 1900 
  0x000001b8126bd7e0: 0000 4883 | ec08 48b8 | c0a4 e727 | fd7f 0000 | ffd0 4883 | c408 e90c | 0000 0048 | b8c0 a4e7 
  0x000001b8126bd800: 27fd 7f00 | 00ff d048 | 83c4 204c | 8b6d c049 | ba91 3176 | 28fd 7f00 | 0041 803a | 000f 843e 
  0x000001b8126bd820: 0000 0048 | 8b55 e849 | 8bcf 4883 | ec20 40f6 | c40f 0f84 | 1900 0000 | 4883 ec08 | 48b8 707e 
  0x000001b8126bd840: 1f28 fd7f | 0000 ffd0 | 4883 c408 | e90c 0000 | 0048 b870 | 7e1f 28fd | 7f00 00ff | d048 83c4 
  0x000001b8126bd860: 2048 8b04 | 2448 83c4 | 10c5 fb10 | 0424 4883 | c410 4c8b | 5d18 41ff | d34c 8b5d | f8c9 5f49 
  0x000001b8126bd880: 8be3 ffe7 | ba00 0000 | 00e8 0500 | 0000 e996 | 0000 0048 | 8d44 2408 | 4c89 6dc0 | 498b cfc5 
  0x000001b8126bd8a0: f877 4989 | afb0 0300 | 0049 8987 | a003 0000 | 4883 ec20 | 40f6 c40f | 0f84 1900 | 0000 4883 
  0x000001b8126bd8c0: ec08 48b8 | 7098 e727 | fd7f 0000 | ffd0 4883 | c408 e90c | 0000 0048 | b870 98e7 | 27fd 7f00 
  0x000001b8126bd8e0: 00ff d048 | 83c4 2049 | c787 a003 | 0000 0000 | 0000 49c7 | 87b0 0300 | 0000 0000 | 0049 c787 
  0x000001b8126bd900: a803 0000 | 0000 0000 | c5f8 7749 | 837f 0800 | 0f84 0500 | 0000 e9a5 | 35ff ff4c | 8b6d c04c 
  0x000001b8126bd920: 8b75 c84e | 8d74 f500 | c348 8b5d | e8e9 26f6 | ffff 660f | 1f44 0000 
[/MachCode]

---------------  P R O C E S S  ---------------

Threads class SMR info:
_java_thread_list=0x000001b86edfd270, length=15, elements={
0x000001b8286a0070, 0x000001b8286a19f0, 0x000001b8286a83d0, 0x000001b8286a8e30,
0x000001b8286b1a50, 0x000001b8286b28e0, 0x000001b8286b49e0, 0x000001b8286bd650,
0x000001b8288cc020, 0x000001b8288c97b0, 0x000001b828a2b170, 0x000001b828a2f570,
0x000001b828a30400, 0x000001b828a552b0, 0x000001b86ea6b940
}

Java Threads: ( => current thread )
  0x000001b8286a0070 JavaThread "Reference Handler"          daemon [_thread_blocked, id=24588, stack(0x00000078ea100000,0x00000078ea200000) (1024K)]
  0x000001b8286a19f0 JavaThread "Finalizer"                  daemon [_thread_blocked, id=20724, stack(0x00000078ea200000,0x00000078ea300000) (1024K)]
  0x000001b8286a83d0 JavaThread "Signal Dispatcher"          daemon [_thread_blocked, id=25396, stack(0x00000078ea300000,0x00000078ea400000) (1024K)]
  0x000001b8286a8e30 JavaThread "Attach Listener"            daemon [_thread_blocked, id=18732, stack(0x00000078ea400000,0x00000078ea500000) (1024K)]
  0x000001b8286b1a50 JavaThread "Service Thread"             daemon [_thread_blocked, id=10344, stack(0x00000078ea500000,0x00000078ea600000) (1024K)]
  0x000001b8286b28e0 JavaThread "Monitor Deflation Thread"   daemon [_thread_blocked, id=6488, stack(0x00000078ea600000,0x00000078ea700000) (1024K)]
  0x000001b8286b49e0 JavaThread "C2 CompilerThread0"         daemon [_thread_blocked, id=5288, stack(0x00000078ea700000,0x00000078ea800000) (1024K)]
  0x000001b8286bd650 JavaThread "C1 CompilerThread0"         daemon [_thread_blocked, id=14472, stack(0x00000078ea800000,0x00000078ea900000) (1024K)]
  0x000001b8288cc020 JavaThread "Notification Thread"        daemon [_thread_blocked, id=6260, stack(0x00000078eaa00000,0x00000078eab00000) (1024K)]
  0x000001b8288c97b0 JavaThread "Common-Cleaner"             daemon [_thread_blocked, id=16608, stack(0x00000078eab00000,0x00000078eac00000) (1024K)]
  0x000001b828a2b170 JavaThread "Java2D Disposer"            daemon [_thread_blocked, id=8256, stack(0x00000078eac00000,0x00000078ead00000) (1024K)]
  0x000001b828a2f570 JavaThread "AWT-Shutdown"                      [_thread_blocked, id=24656, stack(0x00000078ead00000,0x00000078eae00000) (1024K)]
=>0x000001b828a30400 JavaThread "AWT-Windows"                daemon [_thread_in_native, id=15188, stack(0x00000078eae00000,0x00000078eaf00000) (1024K)]
  0x000001b828a552b0 JavaThread "AWT-EventQueue-0"                  [_thread_in_native, id=20532, stack(0x00000078eaf00000,0x00000078eb000000) (1024K)]
  0x000001b86ea6b940 JavaThread "DestroyJavaVM"                     [_thread_blocked, id=20104, stack(0x00000078e9900000,0x00000078e9a00000) (1024K)]
Total: 15

Other Threads:
  0x000001b828683f50 VMThread "VM Thread"                           [id=12972, stack(0x00000078ea000000,0x00000078ea100000) (1024K)]
  0x000001b827790170 WatcherThread "VM Periodic Task Thread"        [id=8852, stack(0x00000078e9f00000,0x00000078ea000000) (1024K)]
  0x000001b8072f0f60 WorkerThread "GC Thread#0"                     [id=10116, stack(0x00000078e9a00000,0x00000078e9b00000) (1024K)]
  0x000001b82873a130 WorkerThread "GC Thread#1"                     [id=23276, stack(0x00000078ea900000,0x00000078eaa00000) (1024K)]
  0x000001b86ea64a90 WorkerThread "GC Thread#2"                     [id=16756, stack(0x00000078eb000000,0x00000078eb100000) (1024K)]
  0x000001b86ea87d10 WorkerThread "GC Thread#3"                     [id=4808, stack(0x00000078eb100000,0x00000078eb200000) (1024K)]
  0x000001b86ea880c0 WorkerThread "GC Thread#4"                     [id=9264, stack(0x00000078eb200000,0x00000078eb300000) (1024K)]
  0x000001b86ef26330 WorkerThread "GC Thread#5"                     [id=1848, stack(0x00000078eb300000,0x00000078eb400000) (1024K)]
  0x000001b86ef266e0 WorkerThread "GC Thread#6"                     [id=14468, stack(0x00000078eb400000,0x00000078eb500000) (1024K)]
  0x000001b86ec71d80 WorkerThread "GC Thread#7"                     [id=10004, stack(0x00000078eb500000,0x00000078eb600000) (1024K)]
  0x000001b86ec72130 WorkerThread "GC Thread#8"                     [id=25364, stack(0x00000078eb600000,0x00000078eb700000) (1024K)]
  0x000001b86ee2ede0 WorkerThread "GC Thread#9"                     [id=1620, stack(0x00000078eb700000,0x00000078eb800000) (1024K)]
  0x000001b8712e2a20 WorkerThread "GC Thread#10"                    [id=17080, stack(0x00000078eb800000,0x00000078eb900000) (1024K)]
  0x000001b871359f60 WorkerThread "GC Thread#11"                    [id=25992, stack(0x00000078eb900000,0x00000078eba00000) (1024K)]
  0x000001b8073068e0 ConcurrentGCThread "G1 Main Marker"            [id=13644, stack(0x00000078e9b00000,0x00000078e9c00000) (1024K)]
  0x000001b8073073f0 WorkerThread "G1 Conc#0"                       [id=8528, stack(0x00000078e9c00000,0x00000078e9d00000) (1024K)]
  0x000001b827661090 ConcurrentGCThread "G1 Refine#0"               [id=25228, stack(0x00000078e9d00000,0x00000078e9e00000) (1024K)]
  0x000001b827662ac0 ConcurrentGCThread "G1 Service"                [id=11776, stack(0x00000078e9e00000,0x00000078e9f00000) (1024K)]
Total: 18

Threads with active compile tasks:
Total: 0

VM state: not at safepoint (normal execution)

VM Mutex/Monitor currently owned by a thread: None

Heap address: 0x0000000609800000, size: 8040 MB, Compressed Oops mode: Zero based, Oop shift amount: 3

CDS archive(s) mapped at: [0x000001b829000000-0x000001b829d70000-0x000001b829d70000), size 14090240, SharedBaseAddress: 0x000001b829000000, ArchiveRelocationMode: 1.
Compressed class space mapped at: 0x000001b82a000000-0x000001b86a000000, reserved size: 1073741824
Narrow klass base: 0x000001b829000000, Narrow klass shift: 0, Narrow klass range: 0x41000000

GC Precious Log:
 CardTable entry size: 512
 Card Set container configuration: InlinePtr #cards 4 size 8 Array Of Cards #cards 32 size 80 Howl #buckets 8 coarsen threshold 7372 Howl Bitmap #cards 1024 size 144 coarsen threshold 921 Card regions per heap region 1 cards per card region 8192
 CPUs: 22 total, 22 available
 Memory: 32151M
 Large Page Support: Disabled
 NUMA Support: Disabled
 Compressed Oops: Enabled (Zero based)
 Heap Region Size: 4M
 Heap Min Capacity: 8M
 Heap Initial Capacity: 504M
 Heap Max Capacity: 8040M
 Pre-touch: Disabled
 Parallel Workers: 16
 Concurrent Workers: 4
 Concurrent Refinement Workers: 16
 Periodic GC: Disabled

Heap:
 garbage-first heap   total reserved 8232960K, committed 516096K, used 55440K [0x0000000609800000, 0x0000000800000000)
  region size 4096K, 3 young (12288K), 1 survivors (4096K)
 Metaspace       used 7138K, committed 7424K, reserved 1114112K
  class space    used 760K, committed 896K, reserved 1048576K

Heap Regions: E=young(eden), S=young(survivor), O=old, HS=humongous(starts), HC=humongous(continues), CS=collection set, F=free, TAMS=top-at-mark-start, PB=parsable bottom
|   0|0x0000000609800000, 0x0000000609c00000, 0x0000000609c00000|100%|HS|  |TAMS 0x0000000609800000| PB 0x0000000609800000| Complete |  0
|   1|0x0000000609c00000, 0x000000060a000000, 0x000000060a000000|100%|HC|  |TAMS 0x0000000609c00000| PB 0x0000000609c00000| Complete |  0
|   2|0x000000060a000000, 0x000000060a400000, 0x000000060a400000|100%|HC|  |TAMS 0x000000060a000000| PB 0x000000060a000000| Complete |  0
|   3|0x000000060a400000, 0x000000060a800000, 0x000000060a800000|100%|HC|  |TAMS 0x000000060a400000| PB 0x000000060a400000| Complete |  0
|   4|0x000000060a800000, 0x000000060ac00000, 0x000000060ac00000|100%|HC|  |TAMS 0x000000060a800000| PB 0x000000060a800000| Complete |  0
|   5|0x000000060ac00000, 0x000000060b000000, 0x000000060b000000|100%| O|  |TAMS 0x000000060ac00000| PB 0x000000060ac00000| Untracked |  0
|   6|0x000000060b000000, 0x000000060b400000, 0x000000060b400000|100%| O|  |TAMS 0x000000060b000000| PB 0x000000060b000000| Untracked |  0
|   7|0x000000060b400000, 0x000000060b60db90, 0x000000060b800000| 51%| O|  |TAMS 0x000000060b400000| PB 0x000000060b400000| Untracked |  0
|   8|0x000000060b800000, 0x000000060bc00000, 0x000000060bc00000|100%|HS|  |TAMS 0x000000060b800000| PB 0x000000060b800000| Complete |  0
|   9|0x000000060bc00000, 0x000000060c000000, 0x000000060c000000|100%|HC|  |TAMS 0x000000060bc00000| PB 0x000000060bc00000| Complete |  0
|  10|0x000000060c000000, 0x000000060c400000, 0x000000060c400000|100%|HC|  |TAMS 0x000000060c000000| PB 0x000000060c000000| Complete |  0
|  11|0x000000060c400000, 0x000000060c800000, 0x000000060c800000|100%|HC|  |TAMS 0x000000060c400000| PB 0x000000060c400000| Complete |  0
|  12|0x000000060c800000, 0x000000060cc00000, 0x000000060cc00000|100%|HC|  |TAMS 0x000000060c800000| PB 0x000000060c800000| Complete |  0
|  13|0x000000060cc00000, 0x000000060cc00000, 0x000000060d000000|  0%| F|  |TAMS 0x000000060cc00000| PB 0x000000060cc00000| Untracked |  0
|  14|0x000000060d000000, 0x000000060d000000, 0x000000060d400000|  0%| F|  |TAMS 0x000000060d000000| PB 0x000000060d000000| Untracked |  0
|  15|0x000000060d400000, 0x000000060d400000, 0x000000060d800000|  0%| F|  |TAMS 0x000000060d400000| PB 0x000000060d400000| Untracked |  0
|  16|0x000000060d800000, 0x000000060d800000, 0x000000060dc00000|  0%| F|  |TAMS 0x000000060d800000| PB 0x000000060d800000| Untracked |  0
|  17|0x000000060dc00000, 0x000000060dc00000, 0x000000060e000000|  0%| F|  |TAMS 0x000000060dc00000| PB 0x000000060dc00000| Untracked |  0
|  18|0x000000060e000000, 0x000000060e000000, 0x000000060e400000|  0%| F|  |TAMS 0x000000060e000000| PB 0x000000060e000000| Untracked |  0
|  19|0x000000060e400000, 0x000000060e400000, 0x000000060e800000|  0%| F|  |TAMS 0x000000060e400000| PB 0x000000060e400000| Untracked |  0
|  20|0x000000060e800000, 0x000000060e800000, 0x000000060ec00000|  0%| F|  |TAMS 0x000000060e800000| PB 0x000000060e800000| Untracked |  0
|  21|0x000000060ec00000, 0x000000060ec00000, 0x000000060f000000|  0%| F|  |TAMS 0x000000060ec00000| PB 0x000000060ec00000| Untracked |  0
|  22|0x000000060f000000, 0x000000060f000000, 0x000000060f400000|  0%| F|  |TAMS 0x000000060f000000| PB 0x000000060f000000| Untracked |  0
|  23|0x000000060f400000, 0x000000060f400000, 0x000000060f800000|  0%| F|  |TAMS 0x000000060f400000| PB 0x000000060f400000| Untracked |  0
|  24|0x000000060f800000, 0x000000060f800000, 0x000000060fc00000|  0%| F|  |TAMS 0x000000060f800000| PB 0x000000060f800000| Untracked |  0
|  25|0x000000060fc00000, 0x000000060fc00000, 0x0000000610000000|  0%| F|  |TAMS 0x000000060fc00000| PB 0x000000060fc00000| Untracked |  0
|  26|0x0000000610000000, 0x0000000610000000, 0x0000000610400000|  0%| F|  |TAMS 0x0000000610000000| PB 0x0000000610000000| Untracked |  0
|  27|0x0000000610400000, 0x0000000610400000, 0x0000000610800000|  0%| F|  |TAMS 0x0000000610400000| PB 0x0000000610400000| Untracked |  0
|  28|0x0000000610800000, 0x0000000610800000, 0x0000000610c00000|  0%| F|  |TAMS 0x0000000610800000| PB 0x0000000610800000| Untracked |  0
|  29|0x0000000610c00000, 0x0000000610c00000, 0x0000000611000000|  0%| F|  |TAMS 0x0000000610c00000| PB 0x0000000610c00000| Untracked |  0
|  30|0x0000000611000000, 0x0000000611000000, 0x0000000611400000|  0%| F|  |TAMS 0x0000000611000000| PB 0x0000000611000000| Untracked |  0
|  31|0x0000000611400000, 0x0000000611400000, 0x0000000611800000|  0%| F|  |TAMS 0x0000000611400000| PB 0x0000000611400000| Untracked |  0
|  32|0x0000000611800000, 0x0000000611800000, 0x0000000611c00000|  0%| F|  |TAMS 0x0000000611800000| PB 0x0000000611800000| Untracked |  0
|  33|0x0000000611c00000, 0x0000000611c00000, 0x0000000612000000|  0%| F|  |TAMS 0x0000000611c00000| PB 0x0000000611c00000| Untracked |  0
|  34|0x0000000612000000, 0x0000000612000000, 0x0000000612400000|  0%| F|  |TAMS 0x0000000612000000| PB 0x0000000612000000| Untracked |  0
|  35|0x0000000612400000, 0x0000000612400000, 0x0000000612800000|  0%| F|  |TAMS 0x0000000612400000| PB 0x0000000612400000| Untracked |  0
|  36|0x0000000612800000, 0x0000000612800000, 0x0000000612c00000|  0%| F|  |TAMS 0x0000000612800000| PB 0x0000000612800000| Untracked |  0
|  37|0x0000000612c00000, 0x0000000612c00000, 0x0000000613000000|  0%| F|  |TAMS 0x0000000612c00000| PB 0x0000000612c00000| Untracked |  0
|  38|0x0000000613000000, 0x0000000613000000, 0x0000000613400000|  0%| F|  |TAMS 0x0000000613000000| PB 0x0000000613000000| Untracked |  0
|  39|0x0000000613400000, 0x0000000613400000, 0x0000000613800000|  0%| F|  |TAMS 0x0000000613400000| PB 0x0000000613400000| Untracked |  0
|  40|0x0000000613800000, 0x0000000613800000, 0x0000000613c00000|  0%| F|  |TAMS 0x0000000613800000| PB 0x0000000613800000| Untracked |  0
|  41|0x0000000613c00000, 0x0000000613c00000, 0x0000000614000000|  0%| F|  |TAMS 0x0000000613c00000| PB 0x0000000613c00000| Untracked |  0
|  42|0x0000000614000000, 0x0000000614000000, 0x0000000614400000|  0%| F|  |TAMS 0x0000000614000000| PB 0x0000000614000000| Untracked |  0
|  43|0x0000000614400000, 0x0000000614400000, 0x0000000614800000|  0%| F|  |TAMS 0x0000000614400000| PB 0x0000000614400000| Untracked |  0
|  44|0x0000000614800000, 0x0000000614800000, 0x0000000614c00000|  0%| F|  |TAMS 0x0000000614800000| PB 0x0000000614800000| Untracked |  0
|  45|0x0000000614c00000, 0x0000000614c00000, 0x0000000615000000|  0%| F|  |TAMS 0x0000000614c00000| PB 0x0000000614c00000| Untracked |  0
|  46|0x0000000615000000, 0x0000000615000000, 0x0000000615400000|  0%| F|  |TAMS 0x0000000615000000| PB 0x0000000615000000| Untracked |  0
|  47|0x0000000615400000, 0x0000000615400000, 0x0000000615800000|  0%| F|  |TAMS 0x0000000615400000| PB 0x0000000615400000| Untracked |  0
|  48|0x0000000615800000, 0x0000000615800000, 0x0000000615c00000|  0%| F|  |TAMS 0x0000000615800000| PB 0x0000000615800000| Untracked |  0
|  49|0x0000000615c00000, 0x0000000615c00000, 0x0000000616000000|  0%| F|  |TAMS 0x0000000615c00000| PB 0x0000000615c00000| Untracked |  0
|  50|0x0000000616000000, 0x0000000616000000, 0x0000000616400000|  0%| F|  |TAMS 0x0000000616000000| PB 0x0000000616000000| Untracked |  0
|  51|0x0000000616400000, 0x0000000616400000, 0x0000000616800000|  0%| F|  |TAMS 0x0000000616400000| PB 0x0000000616400000| Untracked |  0
|  52|0x0000000616800000, 0x0000000616800000, 0x0000000616c00000|  0%| F|  |TAMS 0x0000000616800000| PB 0x0000000616800000| Untracked |  0
|  53|0x0000000616c00000, 0x0000000616c00000, 0x0000000617000000|  0%| F|  |TAMS 0x0000000616c00000| PB 0x0000000616c00000| Untracked |  0
|  54|0x0000000617000000, 0x0000000617000000, 0x0000000617400000|  0%| F|  |TAMS 0x0000000617000000| PB 0x0000000617000000| Untracked |  0
|  55|0x0000000617400000, 0x0000000617400000, 0x0000000617800000|  0%| F|  |TAMS 0x0000000617400000| PB 0x0000000617400000| Untracked |  0
|  56|0x0000000617800000, 0x0000000617800000, 0x0000000617c00000|  0%| F|  |TAMS 0x0000000617800000| PB 0x0000000617800000| Untracked |  0
|  57|0x0000000617c00000, 0x0000000617c00000, 0x0000000618000000|  0%| F|  |TAMS 0x0000000617c00000| PB 0x0000000617c00000| Untracked |  0
|  58|0x0000000618000000, 0x0000000618000000, 0x0000000618400000|  0%| F|  |TAMS 0x0000000618000000| PB 0x0000000618000000| Untracked |  0
|  59|0x0000000618400000, 0x0000000618400000, 0x0000000618800000|  0%| F|  |TAMS 0x0000000618400000| PB 0x0000000618400000| Untracked |  0
|  60|0x0000000618800000, 0x0000000618800000, 0x0000000618c00000|  0%| F|  |TAMS 0x0000000618800000| PB 0x0000000618800000| Untracked |  0
|  61|0x0000000618c00000, 0x0000000618c00000, 0x0000000619000000|  0%| F|  |TAMS 0x0000000618c00000| PB 0x0000000618c00000| Untracked |  0
|  62|0x0000000619000000, 0x0000000619000000, 0x0000000619400000|  0%| F|  |TAMS 0x0000000619000000| PB 0x0000000619000000| Untracked |  0
|  63|0x0000000619400000, 0x0000000619400000, 0x0000000619800000|  0%| F|  |TAMS 0x0000000619400000| PB 0x0000000619400000| Untracked |  0
|  64|0x0000000619800000, 0x0000000619800000, 0x0000000619c00000|  0%| F|  |TAMS 0x0000000619800000| PB 0x0000000619800000| Untracked |  0
|  65|0x0000000619c00000, 0x0000000619c00000, 0x000000061a000000|  0%| F|  |TAMS 0x0000000619c00000| PB 0x0000000619c00000| Untracked |  0
|  66|0x000000061a000000, 0x000000061a000000, 0x000000061a400000|  0%| F|  |TAMS 0x000000061a000000| PB 0x000000061a000000| Untracked |  0
|  67|0x000000061a400000, 0x000000061a400000, 0x000000061a800000|  0%| F|  |TAMS 0x000000061a400000| PB 0x000000061a400000| Untracked |  0
|  68|0x000000061a800000, 0x000000061a800000, 0x000000061ac00000|  0%| F|  |TAMS 0x000000061a800000| PB 0x000000061a800000| Untracked |  0
|  69|0x000000061ac00000, 0x000000061ac00000, 0x000000061b000000|  0%| F|  |TAMS 0x000000061ac00000| PB 0x000000061ac00000| Untracked |  0
|  70|0x000000061b000000, 0x000000061b000000, 0x000000061b400000|  0%| F|  |TAMS 0x000000061b000000| PB 0x000000061b000000| Untracked |  0
|  71|0x000000061b400000, 0x000000061b400000, 0x000000061b800000|  0%| F|  |TAMS 0x000000061b400000| PB 0x000000061b400000| Untracked |  0
|  72|0x000000061b800000, 0x000000061b800000, 0x000000061bc00000|  0%| F|  |TAMS 0x000000061b800000| PB 0x000000061b800000| Untracked |  0
|  73|0x000000061bc00000, 0x000000061bc00000, 0x000000061c000000|  0%| F|  |TAMS 0x000000061bc00000| PB 0x000000061bc00000| Untracked |  0
|  74|0x000000061c000000, 0x000000061c000000, 0x000000061c400000|  0%| F|  |TAMS 0x000000061c000000| PB 0x000000061c000000| Untracked |  0
|  75|0x000000061c400000, 0x000000061c400000, 0x000000061c800000|  0%| F|  |TAMS 0x000000061c400000| PB 0x000000061c400000| Untracked |  0
|  76|0x000000061c800000, 0x000000061c800000, 0x000000061cc00000|  0%| F|  |TAMS 0x000000061c800000| PB 0x000000061c800000| Untracked |  0
|  77|0x000000061cc00000, 0x000000061cc00000, 0x000000061d000000|  0%| F|  |TAMS 0x000000061cc00000| PB 0x000000061cc00000| Untracked |  0
|  78|0x000000061d000000, 0x000000061d000000, 0x000000061d400000|  0%| F|  |TAMS 0x000000061d000000| PB 0x000000061d000000| Untracked |  0
|  79|0x000000061d400000, 0x000000061d400000, 0x000000061d800000|  0%| F|  |TAMS 0x000000061d400000| PB 0x000000061d400000| Untracked |  0
|  80|0x000000061d800000, 0x000000061d800000, 0x000000061dc00000|  0%| F|  |TAMS 0x000000061d800000| PB 0x000000061d800000| Untracked |  0
|  81|0x000000061dc00000, 0x000000061dc00000, 0x000000061e000000|  0%| F|  |TAMS 0x000000061dc00000| PB 0x000000061dc00000| Untracked |  0
|  82|0x000000061e000000, 0x000000061e000000, 0x000000061e400000|  0%| F|  |TAMS 0x000000061e000000| PB 0x000000061e000000| Untracked |  0
|  83|0x000000061e400000, 0x000000061e400000, 0x000000061e800000|  0%| F|  |TAMS 0x000000061e400000| PB 0x000000061e400000| Untracked |  0
|  84|0x000000061e800000, 0x000000061e800000, 0x000000061ec00000|  0%| F|  |TAMS 0x000000061e800000| PB 0x000000061e800000| Untracked |  0
|  85|0x000000061ec00000, 0x000000061ec00000, 0x000000061f000000|  0%| F|  |TAMS 0x000000061ec00000| PB 0x000000061ec00000| Untracked |  0
|  86|0x000000061f000000, 0x000000061f000000, 0x000000061f400000|  0%| F|  |TAMS 0x000000061f000000| PB 0x000000061f000000| Untracked |  0
|  87|0x000000061f400000, 0x000000061f400000, 0x000000061f800000|  0%| F|  |TAMS 0x000000061f400000| PB 0x000000061f400000| Untracked |  0
|  88|0x000000061f800000, 0x000000061f800000, 0x000000061fc00000|  0%| F|  |TAMS 0x000000061f800000| PB 0x000000061f800000| Untracked |  0
|  89|0x000000061fc00000, 0x000000061fc00000, 0x0000000620000000|  0%| F|  |TAMS 0x000000061fc00000| PB 0x000000061fc00000| Untracked |  0
|  90|0x0000000620000000, 0x0000000620000000, 0x0000000620400000|  0%| F|  |TAMS 0x0000000620000000| PB 0x0000000620000000| Untracked |  0
|  91|0x0000000620400000, 0x0000000620400000, 0x0000000620800000|  0%| F|  |TAMS 0x0000000620400000| PB 0x0000000620400000| Untracked |  0
|  92|0x0000000620800000, 0x0000000620800000, 0x0000000620c00000|  0%| F|  |TAMS 0x0000000620800000| PB 0x0000000620800000| Untracked |  0
|  93|0x0000000620c00000, 0x0000000620c00000, 0x0000000621000000|  0%| F|  |TAMS 0x0000000620c00000| PB 0x0000000620c00000| Untracked |  0
|  94|0x0000000621000000, 0x0000000621000000, 0x0000000621400000|  0%| F|  |TAMS 0x0000000621000000| PB 0x0000000621000000| Untracked |  0
|  95|0x0000000621400000, 0x0000000621400000, 0x0000000621800000|  0%| F|  |TAMS 0x0000000621400000| PB 0x0000000621400000| Untracked |  0
|  96|0x0000000621800000, 0x0000000621800000, 0x0000000621c00000|  0%| F|  |TAMS 0x0000000621800000| PB 0x0000000621800000| Untracked |  0
|  97|0x0000000621c00000, 0x0000000621c00000, 0x0000000622000000|  0%| F|  |TAMS 0x0000000621c00000| PB 0x0000000621c00000| Untracked |  0
|  98|0x0000000622000000, 0x0000000622000000, 0x0000000622400000|  0%| F|  |TAMS 0x0000000622000000| PB 0x0000000622000000| Untracked |  0
|  99|0x0000000622400000, 0x0000000622400000, 0x0000000622800000|  0%| F|  |TAMS 0x0000000622400000| PB 0x0000000622400000| Untracked |  0
| 100|0x0000000622800000, 0x0000000622800000, 0x0000000622c00000|  0%| F|  |TAMS 0x0000000622800000| PB 0x0000000622800000| Untracked |  0
| 101|0x0000000622c00000, 0x0000000622c00000, 0x0000000623000000|  0%| F|  |TAMS 0x0000000622c00000| PB 0x0000000622c00000| Untracked |  0
| 102|0x0000000623000000, 0x0000000623000000, 0x0000000623400000|  0%| F|  |TAMS 0x0000000623000000| PB 0x0000000623000000| Untracked |  0
| 103|0x0000000623400000, 0x0000000623400000, 0x0000000623800000|  0%| F|  |TAMS 0x0000000623400000| PB 0x0000000623400000| Untracked |  0
| 104|0x0000000623800000, 0x0000000623800000, 0x0000000623c00000|  0%| F|  |TAMS 0x0000000623800000| PB 0x0000000623800000| Untracked |  0
| 105|0x0000000623c00000, 0x0000000623c00000, 0x0000000624000000|  0%| F|  |TAMS 0x0000000623c00000| PB 0x0000000623c00000| Untracked |  0
| 106|0x0000000624000000, 0x0000000624000000, 0x0000000624400000|  0%| F|  |TAMS 0x0000000624000000| PB 0x0000000624000000| Untracked |  0
| 107|0x0000000624400000, 0x0000000624400000, 0x0000000624800000|  0%| F|  |TAMS 0x0000000624400000| PB 0x0000000624400000| Untracked |  0
| 108|0x0000000624800000, 0x0000000624800000, 0x0000000624c00000|  0%| F|  |TAMS 0x0000000624800000| PB 0x0000000624800000| Untracked |  0
| 109|0x0000000624c00000, 0x0000000624c00000, 0x0000000625000000|  0%| F|  |TAMS 0x0000000624c00000| PB 0x0000000624c00000| Untracked |  0
| 110|0x0000000625000000, 0x0000000625000000, 0x0000000625400000|  0%| F|  |TAMS 0x0000000625000000| PB 0x0000000625000000| Untracked |  0
| 111|0x0000000625400000, 0x0000000625400000, 0x0000000625800000|  0%| F|  |TAMS 0x0000000625400000| PB 0x0000000625400000| Untracked |  0
| 112|0x0000000625800000, 0x0000000625816820, 0x0000000625c00000|  2%| S|CS|TAMS 0x0000000625800000| PB 0x0000000625800000| Complete |  0
| 113|0x0000000625c00000, 0x0000000625c00000, 0x0000000626000000|  0%| F|  |TAMS 0x0000000625c00000| PB 0x0000000625c00000| Untracked |  0
| 114|0x0000000626000000, 0x0000000626000000, 0x0000000626400000|  0%| F|  |TAMS 0x0000000626000000| PB 0x0000000626000000| Untracked |  0
| 115|0x0000000626400000, 0x0000000626400000, 0x0000000626800000|  0%| F|  |TAMS 0x0000000626400000| PB 0x0000000626400000| Untracked |  0
| 116|0x0000000626800000, 0x0000000626800000, 0x0000000626c00000|  0%| F|  |TAMS 0x0000000626800000| PB 0x0000000626800000| Untracked |  0
| 117|0x0000000626c00000, 0x0000000626c00000, 0x0000000627000000|  0%| F|  |TAMS 0x0000000626c00000| PB 0x0000000626c00000| Untracked |  0
| 118|0x0000000627000000, 0x0000000627000000, 0x0000000627400000|  0%| F|  |TAMS 0x0000000627000000| PB 0x0000000627000000| Untracked |  0
| 119|0x0000000627400000, 0x0000000627400000, 0x0000000627800000|  0%| F|  |TAMS 0x0000000627400000| PB 0x0000000627400000| Untracked |  0
| 120|0x0000000627800000, 0x0000000627800000, 0x0000000627c00000|  0%| F|  |TAMS 0x0000000627800000| PB 0x0000000627800000| Untracked |  0
| 121|0x0000000627c00000, 0x0000000627c00000, 0x0000000628000000|  0%| F|  |TAMS 0x0000000627c00000| PB 0x0000000627c00000| Untracked |  0
| 122|0x0000000628000000, 0x0000000628000000, 0x0000000628400000|  0%| F|  |TAMS 0x0000000628000000| PB 0x0000000628000000| Untracked |  0
| 123|0x0000000628400000, 0x0000000628400000, 0x0000000628800000|  0%| F|  |TAMS 0x0000000628400000| PB 0x0000000628400000| Untracked |  0
| 124|0x0000000628800000, 0x00000006289e5910, 0x0000000628c00000| 47%| E|  |TAMS 0x0000000628800000| PB 0x0000000628800000| Complete |  0
| 125|0x0000000628c00000, 0x0000000629000000, 0x0000000629000000|100%| E|CS|TAMS 0x0000000628c00000| PB 0x0000000628c00000| Complete |  0

Card table byte_map: [0x000001b81c510000,0x000001b81d4d0000] _byte_map_base: 0x000001b8194c4000

Marking Bits: (CMBitMap*) 0x000001b8072f1670
 Bits: [0x000001b81d4d0000, 0x000001b825270000)

Polling page: 0x000001b807310000

Metaspace:

Usage:
  Non-class:      6.23 MB used.
      Class:    760.96 KB used.
       Both:      6.97 MB used.

Virtual space:
  Non-class space:       64.00 MB reserved,       6.38 MB ( 10%) committed,  1 nodes.
      Class space:        1.00 GB reserved,     896.00 KB ( <1%) committed,  1 nodes.
             Both:        1.06 GB reserved,       7.25 MB ( <1%) committed. 

Chunk freelists:
   Non-Class:  8.98 MB
       Class:  15.11 MB
        Both:  24.09 MB

MaxMetaspaceSize: unlimited
CompressedClassSpaceSize: 1.00 GB
Initial GC threshold: 21.00 MB
Current GC threshold: 21.00 MB
CDS: on
 - commit_granule_bytes: 65536.
 - commit_granule_words: 8192.
 - virtual_space_node_default_size: 8388608.
 - enlarge_chunks_in_place: 1.
 - use_allocation_guard: 0.


Internal statistics:

num_allocs_failed_limit: 0.
num_arena_births: 144.
num_arena_deaths: 0.
num_vsnodes_births: 2.
num_vsnodes_deaths: 0.
num_space_committed: 116.
num_space_uncommitted: 0.
num_chunks_returned_to_freelist: 0.
num_chunks_taken_from_freelist: 192.
num_chunk_merges: 0.
num_chunk_splits: 114.
num_chunks_enlarged: 47.
num_inconsistent_stats: 0.

CodeHeap 'non-profiled nmethods': size=119232Kb used=612Kb max_used=612Kb free=118619Kb
 bounds [0x000001b812df0000, 0x000001b813060000, 0x000001b81a260000]
CodeHeap 'profiled nmethods': size=119104Kb used=1741Kb max_used=1741Kb free=117362Kb
 bounds [0x000001b80b260000, 0x000001b80b4d0000, 0x000001b8126b0000]
CodeHeap 'non-nmethods': size=7424Kb used=1540Kb max_used=3261Kb free=5883Kb
 bounds [0x000001b8126b0000, 0x000001b8129f0000, 0x000001b812df0000]
CodeCache: size=245760Kb, used=3893Kb, max_used=5614Kb, free=241864Kb
 total_blobs=1901, nmethods=1277, adapters=530, full_count=0
Compilation: enabled, stopped_count=0, restarted_count=0

Compilation events (20 events):
Event: 819.649 Thread 0x000001b8286bd650 nmethod 1269 0x000001b80b412388 code [0x000001b80b4124c0, 0x000001b80b412658]
Event: 819.649 Thread 0x000001b8286bd650 1270       3       java.util.HashMap$EntryIterator::next (5 bytes)
Event: 819.649 Thread 0x000001b8286bd650 nmethod 1270 0x000001b80b412688 code [0x000001b80b4127a0, 0x000001b80b4128d8]
Event: 819.649 Thread 0x000001b8286bd650 1271       3       java.lang.invoke.MethodHandle::isBuiltinLoader (24 bytes)
Event: 819.650 Thread 0x000001b8286bd650 nmethod 1271 0x000001b80b412988 code [0x000001b80b412ac0, 0x000001b80b412d18]
Event: 819.684 Thread 0x000001b8286bd650 1272       1       java.awt.geom.Rectangle2D$Double::getWidth (5 bytes)
Event: 819.685 Thread 0x000001b8286bd650 nmethod 1272 0x000001b812e7cb88 code [0x000001b812e7cca0, 0x000001b812e7cd68]
Event: 819.685 Thread 0x000001b8286bd650 1273       1       java.awt.geom.Rectangle2D$Double::getHeight (5 bytes)
Event: 819.685 Thread 0x000001b8286bd650 nmethod 1273 0x000001b812e7ce88 code [0x000001b812e7cfa0, 0x000001b812e7d068]
Event: 819.685 Thread 0x000001b8286bd650 1274       3       javax.swing.JComponent::getFlag (20 bytes)
Event: 819.685 Thread 0x000001b8286bd650 nmethod 1274 0x000001b80b412d88 code [0x000001b80b412ea0, 0x000001b80b413010]
Event: 819.721 Thread 0x000001b8286bd650 1275       3       java.awt.geom.AffineTransform::equals (26 bytes)
Event: 819.721 Thread 0x000001b8286bd650 nmethod 1275 0x000001b80b413088 code [0x000001b80b4131c0, 0x000001b80b413500]
Event: 819.722 Thread 0x000001b8286bd650 1276       1       java.beans.PropertyChangeEvent::getNewValue (5 bytes)
Event: 819.722 Thread 0x000001b8286bd650 nmethod 1276 0x000001b812e7d188 code [0x000001b812e7d2a0, 0x000001b812e7d370]
Event: 819.722 Thread 0x000001b8286bd650 1277       1       java.beans.PropertyChangeEvent::getOldValue (5 bytes)
Event: 819.722 Thread 0x000001b8286bd650 nmethod 1277 0x000001b812e7d488 code [0x000001b812e7d5a0, 0x000001b812e7d670]
Event: 820.123 Thread 0x000001b8286b49e0 nmethod 1266 0x000001b812e7d788 code [0x000001b812e7e920, 0x000001b812e87d80]
Event: 820.125 Thread 0x000001b8286b49e0 1268       4       java.util.HashMap::put (13 bytes)
Event: 820.138 Thread 0x000001b8286b49e0 nmethod 1268 0x000001b812e88088 code [0x000001b812e88260, 0x000001b812e88ff0]

GC Heap History (6 events):
Event: 2.575 GC heap before
{Heap before GC invocations=0 (full 0):
 garbage-first heap   total reserved 8232960K, committed 516096K, used 45056K [0x0000000609800000, 0x0000000800000000)
  region size 4096K, 6 young (24576K), 0 survivors (0K)
 Metaspace       used 6936K, committed 7168K, reserved 1114112K
  class space    used 753K, committed 896K, reserved 1048576K
}
Event: 2.582 GC heap after
{Heap after GC invocations=1 (full 0):
 garbage-first heap   total reserved 8232960K, committed 516096K, used 22885K [0x0000000609800000, 0x0000000800000000)
  region size 4096K, 1 young (4096K), 1 survivors (4096K)
 Metaspace       used 6936K, committed 7168K, reserved 1114112K
  class space    used 753K, committed 896K, reserved 1048576K
}
Event: 3.602 GC heap before
{Heap before GC invocations=1 (full 0):
 garbage-first heap   total reserved 8232960K, committed 516096K, used 47461K [0x0000000609800000, 0x0000000800000000)
  region size 4096K, 7 young (28672K), 1 survivors (4096K)
 Metaspace       used 6996K, committed 7296K, reserved 1114112K
  class space    used 757K, committed 896K, reserved 1048576K
}
Event: 3.611 GC heap after
{Heap after GC invocations=2 (full 0):
 garbage-first heap   total reserved 8232960K, committed 516096K, used 34870K [0x0000000609800000, 0x0000000800000000)
  region size 4096K, 1 young (4096K), 1 survivors (4096K)
 Metaspace       used 6996K, committed 7296K, reserved 1114112K
  class space    used 757K, committed 896K, reserved 1048576K
}
Event: 6.110 GC heap before
{Heap before GC invocations=2 (full 0):
 garbage-first heap   total reserved 8232960K, committed 516096K, used 84022K [0x0000000609800000, 0x0000000800000000)
  region size 4096K, 13 young (53248K), 1 survivors (4096K)
 Metaspace       used 7023K, committed 7296K, reserved 1114112K
  class space    used 758K, committed 896K, reserved 1048576K
}
Event: 6.114 GC heap after
{Heap after GC invocations=3 (full 0):
 garbage-first heap   total reserved 8232960K, committed 516096K, used 30864K [0x0000000609800000, 0x0000000800000000)
  region size 4096K, 1 young (4096K), 1 survivors (4096K)
 Metaspace       used 7023K, committed 7296K, reserved 1114112K
  class space    used 758K, committed 896K, reserved 1048576K
}

Dll operation events (9 events):
Event: 0.005 Loaded shared library C:\Users\margo\.p2\pool\plugins\org.eclipse.justj.openjdk.hotspot.jre.full.win32.x86_64_23.0.0.v20240919-1706\jre\bin\java.dll
Event: 0.034 Loaded shared library C:\Users\margo\.p2\pool\plugins\org.eclipse.justj.openjdk.hotspot.jre.full.win32.x86_64_23.0.0.v20240919-1706\jre\bin\zip.dll
Event: 0.037 Loaded shared library C:\Users\margo\.p2\pool\plugins\org.eclipse.justj.openjdk.hotspot.jre.full.win32.x86_64_23.0.0.v20240919-1706\jre\bin\net.dll
Event: 0.038 Loaded shared library C:\Users\margo\.p2\pool\plugins\org.eclipse.justj.openjdk.hotspot.jre.full.win32.x86_64_23.0.0.v20240919-1706\jre\bin\nio.dll
Event: 0.040 Loaded shared library C:\Users\margo\.p2\pool\plugins\org.eclipse.justj.openjdk.hotspot.jre.full.win32.x86_64_23.0.0.v20240919-1706\jre\bin\zip.dll
Event: 0.054 Loaded shared library C:\Users\margo\.p2\pool\plugins\org.eclipse.justj.openjdk.hotspot.jre.full.win32.x86_64_23.0.0.v20240919-1706\jre\bin\jimage.dll
Event: 0.056 Loaded shared library C:\Users\margo\.p2\pool\plugins\org.eclipse.justj.openjdk.hotspot.jre.full.win32.x86_64_23.0.0.v20240919-1706\jre\bin\awt.dll
Event: 0.170 Loaded shared library C:\Users\margo\.p2\pool\plugins\org.eclipse.justj.openjdk.hotspot.jre.full.win32.x86_64_23.0.0.v20240919-1706\jre\bin\freetype.dll
Event: 0.171 Loaded shared library C:\Users\margo\.p2\pool\plugins\org.eclipse.justj.openjdk.hotspot.jre.full.win32.x86_64_23.0.0.v20240919-1706\jre\bin\fontmanager.dll

Deoptimization events (20 events):
Event: 819.509 Thread 0x000001b828a552b0 DEOPT PACKING pc=0x000001b80b3c6296 sp=0x00000078eaffd470
Event: 819.509 Thread 0x000001b828a552b0 DEOPT UNPACKING pc=0x000001b812704b22 sp=0x00000078eaffcb78 mode 0
Event: 819.686 Thread 0x000001b828a552b0 DEOPT PACKING pc=0x000001b80b3c6296 sp=0x00000078eaffd470
Event: 819.686 Thread 0x000001b828a552b0 DEOPT UNPACKING pc=0x000001b812704b22 sp=0x00000078eaffcb78 mode 0
Event: 819.722 Thread 0x000001b828a552b0 Uncommon trap: trap_request=0xffffffde fr.pc=0x000001b812e77648 relative=0x0000000000000b08
Event: 819.722 Thread 0x000001b828a552b0 Uncommon trap: reason=class_check action=maybe_recompile pc=0x000001b812e77648 method=java.util.HashMap.putVal(ILjava/lang/Object;Ljava/lang/Object;ZZ)Ljava/lang/Object; @ 203 c2
Event: 819.722 Thread 0x000001b828a552b0 DEOPT PACKING pc=0x000001b812e77648 sp=0x00000078eaffe960
Event: 819.722 Thread 0x000001b828a552b0 DEOPT UNPACKING pc=0x000001b812704402 sp=0x00000078eaffe900 mode 2
Event: 819.722 Thread 0x000001b828a552b0 Uncommon trap: trap_request=0xffffffde fr.pc=0x000001b812e77648 relative=0x0000000000000b08
Event: 819.722 Thread 0x000001b828a552b0 Uncommon trap: reason=class_check action=maybe_recompile pc=0x000001b812e77648 method=java.util.HashMap.putVal(ILjava/lang/Object;Ljava/lang/Object;ZZ)Ljava/lang/Object; @ 203 c2
Event: 819.722 Thread 0x000001b828a552b0 DEOPT PACKING pc=0x000001b812e77648 sp=0x00000078eaffe960
Event: 819.722 Thread 0x000001b828a552b0 DEOPT UNPACKING pc=0x000001b812704402 sp=0x00000078eaffe900 mode 2
Event: 819.722 Thread 0x000001b828a552b0 Uncommon trap: trap_request=0xffffffde fr.pc=0x000001b812e77648 relative=0x0000000000000b08
Event: 819.722 Thread 0x000001b828a552b0 Uncommon trap: reason=class_check action=maybe_recompile pc=0x000001b812e77648 method=java.util.HashMap.putVal(ILjava/lang/Object;Ljava/lang/Object;ZZ)Ljava/lang/Object; @ 203 c2
Event: 819.722 Thread 0x000001b828a552b0 DEOPT PACKING pc=0x000001b812e77648 sp=0x00000078eaffe960
Event: 819.722 Thread 0x000001b828a552b0 DEOPT UNPACKING pc=0x000001b812704402 sp=0x00000078eaffe900 mode 2
Event: 819.722 Thread 0x000001b828a552b0 Uncommon trap: trap_request=0xffffffde fr.pc=0x000001b812e77648 relative=0x0000000000000b08
Event: 819.722 Thread 0x000001b828a552b0 Uncommon trap: reason=class_check action=maybe_recompile pc=0x000001b812e77648 method=java.util.HashMap.putVal(ILjava/lang/Object;Ljava/lang/Object;ZZ)Ljava/lang/Object; @ 203 c2
Event: 819.722 Thread 0x000001b828a552b0 DEOPT PACKING pc=0x000001b812e77648 sp=0x00000078eaffe960
Event: 819.722 Thread 0x000001b828a552b0 DEOPT UNPACKING pc=0x000001b812704402 sp=0x00000078eaffe900 mode 2

Classes loaded (20 events):
Event: 2.276 Loading class javax/swing/JComponent$IntVector
Event: 2.276 Loading class javax/swing/JComponent$IntVector done
Event: 2.276 Loading class javax/swing/KeyboardManager
Event: 2.276 Loading class javax/swing/KeyboardManager done
Event: 2.276 Loading class javax/swing/Popup$HeavyWeightWindow
Event: 2.276 Loading class sun/awt/ModalExclude
Event: 2.276 Loading class sun/awt/ModalExclude done
Event: 2.276 Loading class javax/swing/JWindow
Event: 2.276 Loading class javax/swing/JWindow done
Event: 2.276 Loading class javax/swing/Popup$HeavyWeightWindow done
Event: 3.001 Loading class java/util/PriorityQueue
Event: 3.002 Loading class java/util/PriorityQueue done
Event: 3.002 Loading class java/lang/invoke/MethodHandle$1
Event: 3.002 Loading class java/lang/invoke/MethodHandle$1 done
Event: 819.438 Loading class java/util/WeakHashMap$KeyIterator
Event: 819.438 Loading class java/util/WeakHashMap$HashIterator
Event: 819.438 Loading class java/util/WeakHashMap$HashIterator done
Event: 819.438 Loading class java/util/WeakHashMap$KeyIterator done
Event: 819.439 Loading class javax/swing/RepaintManager$DisplayChangedRunnable
Event: 819.439 Loading class javax/swing/RepaintManager$DisplayChangedRunnable done

Classes unloaded (0 events):
No events

Classes redefined (0 events):
No events

Internal exceptions (11 events):
Event: 0.049 Thread 0x000001b805662450 Exception <a 'java/lang/ClassNotFoundException'{0x0000000628e3e508}: sun/awt/resources/spi/awtProvider> (0x0000000628e3e508) 
thrown [s\src\hotspot\share\classfile\systemDictionary.cpp, line 313]
Event: 0.062 Thread 0x000001b805662450 Exception <a 'java/io/FileNotFoundException'{0x0000000628f11170}> (0x0000000628f11170) 
thrown [s\src\hotspot\share\prims\jni.cpp, line 520]
Event: 0.067 Thread 0x000001b805662450 Exception <a 'java/io/FileNotFoundException'{0x0000000628f3f548}> (0x0000000628f3f548) 
thrown [s\src\hotspot\share\prims\jni.cpp, line 520]
Event: 0.124 Thread 0x000001b828a552b0 Exception <a 'java/lang/NoSuchMethodError'{0x00000006288ba110}: 'void java.lang.invoke.DirectMethodHandle$Holder.invokeSpecial(java.lang.Object, java.lang.Object, java.lang.Object)'> (0x00000006288ba110) 
thrown [s\src\hotspot\share\interpreter\linkResolver.cpp, line 796]
Event: 0.132 Thread 0x000001b828a552b0 Exception <a 'java/lang/NoSuchMethodError'{0x0000000628909bd0}: 'java.lang.Object java.lang.invoke.DirectMethodHandle$Holder.invokeStatic(java.lang.Object, int, java.lang.Object)'> (0x0000000628909bd0) 
thrown [s\src\hotspot\share\interpreter\linkResolver.cpp, line 796]
Event: 0.144 Thread 0x000001b828a552b0 Exception <a 'java/lang/ClassNotFoundException'{0x00000006289ac498}: com/sun/swing/internal/plaf/metal/resources/spi/metalProvider> (0x00000006289ac498) 
thrown [s\src\hotspot\share\classfile\systemDictionary.cpp, line 313]
Event: 0.145 Thread 0x000001b828a552b0 Exception <a 'java/lang/ClassNotFoundException'{0x00000006289b11d8}: com/sun/swing/internal/plaf/basic/resources/spi/basicProvider> (0x00000006289b11d8) 
thrown [s\src\hotspot\share\classfile\systemDictionary.cpp, line 313]
Event: 0.151 Thread 0x000001b828a552b0 Exception <a 'java/lang/NoSuchMethodError'{0x00000006289d4388}: 'int java.lang.invoke.Invokers$Holder.invokeExact_MT(java.lang.Object, java.lang.Object)'> (0x00000006289d4388) 
thrown [s\src\hotspot\share\interpreter\linkResolver.cpp, line 796]
Event: 0.158 Thread 0x000001b828a30400 Exception <a 'java/lang/NoSuchMethodError'{0x000000062880e8c8}: 'void java.lang.invoke.DirectMethodHandle$Holder.invokeVirtual(java.lang.Object, java.lang.Object)'> (0x000000062880e8c8) 
thrown [s\src\hotspot\share\interpreter\linkResolver.cpp, line 796]
Event: 0.167 Thread 0x000001b828a552b0 Exception <a 'java/lang/NoSuchMethodError'{0x0000000628a18018}: 'void java.lang.invoke.DirectMethodHandle$Holder.invokeStaticInit(java.lang.Object)'> (0x0000000628a18018) 
thrown [s\src\hotspot\share\interpreter\linkResolver.cpp, line 796]
Event: 3.002 Thread 0x000001b828a552b0 Exception <a 'java/lang/NoSuchMethodError'{0x000000062824e580}: 'double java.lang.invoke.DirectMethodHandle$Holder.invokeStatic(java.lang.Object, java.lang.Object)'> (0x000000062824e580) 
thrown [s\src\hotspot\share\interpreter\linkResolver.cpp, line 796]

VM Operations (20 events):
Event: 0.154 Executing VM operation: HandshakeAllThreads (Deoptimize)
Event: 0.154 Executing VM operation: HandshakeAllThreads (Deoptimize) done
Event: 0.427 Executing VM operation: HandshakeAllThreads (Deoptimize)
Event: 0.428 Executing VM operation: HandshakeAllThreads (Deoptimize) done
Event: 2.575 Executing VM operation: G1CollectForAllocation (G1 Evacuation Pause)
Event: 2.582 Executing VM operation: G1CollectForAllocation (G1 Evacuation Pause) done
Event: 3.003 Executing VM operation: HandshakeAllThreads (Deoptimize)
Event: 3.003 Executing VM operation: HandshakeAllThreads (Deoptimize) done
Event: 3.602 Executing VM operation: G1CollectForAllocation (G1 Evacuation Pause)
Event: 3.611 Executing VM operation: G1CollectForAllocation (G1 Evacuation Pause) done
Event: 6.110 Executing VM operation: G1CollectForAllocation (G1 Evacuation Pause)
Event: 6.114 Executing VM operation: G1CollectForAllocation (G1 Evacuation Pause) done
Event: 60.268 Executing VM operation: HandshakeAllThreads (HandshakeForDeflation)
Event: 60.268 Executing VM operation: HandshakeAllThreads (HandshakeForDeflation) done
Event: 60.268 Executing VM operation: RendezvousGCThreads
Event: 60.268 Executing VM operation: RendezvousGCThreads done
Event: 120.485 Executing VM operation: HandshakeAllThreads (HandshakeForDeflation)
Event: 120.485 Executing VM operation: HandshakeAllThreads (HandshakeForDeflation) done
Event: 120.485 Executing VM operation: RendezvousGCThreads
Event: 120.485 Executing VM operation: RendezvousGCThreads done

Memory protections (0 events):
No events

Nmethod flushes (0 events):
No events

Events (20 events):
Event: 0.227 Thread 0x000001b8286bd650 Thread added: 0x000001b86ea64a90
Event: 0.233 Thread 0x000001b86ea87d10 Thread added: 0x000001b86ec71d80
Event: 0.235 Thread 0x000001b805662450 Thread exited: 0x000001b805662450
Event: 0.237 Thread 0x000001b86ea6b940 Thread added: 0x000001b86ea6b940
Event: 0.305 Thread 0x000001b86ec71d80 Thread added: 0x000001b86ef263f0
Event: 0.328 Thread 0x000001b86ec71d80 Thread added: 0x000001b870b726f0
Event: 0.328 Thread 0x000001b86ec71d80 Thread added: 0x000001b870af78e0
Event: 0.332 Thread 0x000001b86ef263f0 Thread added: 0x000001b86ee2e9d0
Event: 0.332 Thread 0x000001b86ef263f0 Thread added: 0x000001b870af7fa0
Event: 0.332 Thread 0x000001b86ef263f0 Thread added: 0x000001b870af8660
Event: 2.420 Thread 0x000001b870af8660 Thread exited: 0x000001b870af8660
Event: 2.420 Thread 0x000001b870af7fa0 Thread exited: 0x000001b870af7fa0
Event: 2.420 Thread 0x000001b86ea64a90 Thread exited: 0x000001b86ea64a90
Event: 2.420 Thread 0x000001b86ea87d10 Thread exited: 0x000001b86ea87d10
Event: 2.420 Thread 0x000001b82873a130 Thread exited: 0x000001b82873a130
Event: 2.420 Thread 0x000001b86ee2e9d0 Thread exited: 0x000001b86ee2e9d0
Event: 2.422 Thread 0x000001b870af78e0 Thread exited: 0x000001b870af78e0
Event: 2.424 Thread 0x000001b870b726f0 Thread exited: 0x000001b870b726f0
Event: 2.424 Thread 0x000001b86ef263f0 Thread exited: 0x000001b86ef263f0
Event: 2.547 Thread 0x000001b86ec71d80 Thread exited: 0x000001b86ec71d80


Dynamic libraries:
0x00007ff6fa080000 - 0x00007ff6fa08e000 	C:\Users\margo\.p2\pool\plugins\org.eclipse.justj.openjdk.hotspot.jre.full.win32.x86_64_23.0.0.v20240919-1706\jre\bin\java.exe
0x00007ffde3160000 - 0x00007ffde33c3000 	C:\WINDOWS\SYSTEM32\ntdll.dll
0x00007ffde26c0000 - 0x00007ffde2787000 	C:\WINDOWS\System32\KERNEL32.DLL
0x00007ffde09c0000 - 0x00007ffde0d87000 	C:\WINDOWS\System32\KERNELBASE.dll
0x00007ffde0500000 - 0x00007ffde064c000 	C:\WINDOWS\System32\ucrtbase.dll
0x00007ffdd6150000 - 0x00007ffdd6167000 	C:\Users\margo\.p2\pool\plugins\org.eclipse.justj.openjdk.hotspot.jre.full.win32.x86_64_23.0.0.v20240919-1706\jre\bin\jli.dll
0x00007ffdd60d0000 - 0x00007ffdd60eb000 	C:\Users\margo\.p2\pool\plugins\org.eclipse.justj.openjdk.hotspot.jre.full.win32.x86_64_23.0.0.v20240919-1706\jre\bin\VCRUNTIME140.dll
0x00007ffde14b0000 - 0x00007ffde1679000 	C:\WINDOWS\System32\USER32.dll
0x00007ffde08d0000 - 0x00007ffde08f7000 	C:\WINDOWS\System32\win32u.dll
0x00007ffde0fe0000 - 0x00007ffde100a000 	C:\WINDOWS\System32\GDI32.dll
0x00007ffde0650000 - 0x00007ffde077b000 	C:\WINDOWS\System32\gdi32full.dll
0x00007ffdb8370000 - 0x00007ffdb8600000 	C:\WINDOWS\WinSxS\amd64_microsoft.windows.common-controls_6595b64144ccf1df_6.0.26100.3037_none_3e09262ce333c378\COMCTL32.dll
0x00007ffde0820000 - 0x00007ffde08c3000 	C:\WINDOWS\System32\msvcp_win.dll
0x00007ffde2790000 - 0x00007ffde2839000 	C:\WINDOWS\System32\msvcrt.dll
0x00007ffde0fa0000 - 0x00007ffde0fcf000 	C:\WINDOWS\System32\IMM32.DLL
0x00007ffdda5a0000 - 0x00007ffdda5ac000 	C:\Users\margo\.p2\pool\plugins\org.eclipse.justj.openjdk.hotspot.jre.full.win32.x86_64_23.0.0.v20240919-1706\jre\bin\vcruntime140_1.dll
0x00007ffdbd8f0000 - 0x00007ffdbd97e000 	C:\Users\margo\.p2\pool\plugins\org.eclipse.justj.openjdk.hotspot.jre.full.win32.x86_64_23.0.0.v20240919-1706\jre\bin\msvcp140.dll
0x00007ffd27aa0000 - 0x00007ffd2886d000 	C:\Users\margo\.p2\pool\plugins\org.eclipse.justj.openjdk.hotspot.jre.full.win32.x86_64_23.0.0.v20240919-1706\jre\bin\server\jvm.dll
0x00007ffde1a10000 - 0x00007ffde1ac4000 	C:\WINDOWS\System32\ADVAPI32.dll
0x00007ffde2b80000 - 0x00007ffde2c26000 	C:\WINDOWS\System32\sechost.dll
0x00007ffde1c00000 - 0x00007ffde1d16000 	C:\WINDOWS\System32\RPCRT4.dll
0x00007ffde1b80000 - 0x00007ffde1bf4000 	C:\WINDOWS\System32\WS2_32.dll
0x00007ffdd2dd0000 - 0x00007ffdd2e06000 	C:\WINDOWS\SYSTEM32\WINMM.dll
0x00007ffdd3d90000 - 0x00007ffdd3d9b000 	C:\WINDOWS\SYSTEM32\VERSION.dll
0x00007ffddf180000 - 0x00007ffddf1ce000 	C:\WINDOWS\SYSTEM32\POWRPROF.dll
0x00007ffddf160000 - 0x00007ffddf174000 	C:\WINDOWS\SYSTEM32\UMPDC.dll
0x00007ffddf440000 - 0x00007ffddf45a000 	C:\WINDOWS\SYSTEM32\kernel.appcore.dll
0x00007ffdd6100000 - 0x00007ffdd610a000 	C:\Users\margo\.p2\pool\plugins\org.eclipse.justj.openjdk.hotspot.jre.full.win32.x86_64_23.0.0.v20240919-1706\jre\bin\jimage.dll
0x00007ffdddd10000 - 0x00007ffdddf51000 	C:\WINDOWS\SYSTEM32\DBGHELP.DLL
0x00007ffde1680000 - 0x00007ffde19fe000 	C:\WINDOWS\System32\combase.dll
0x00007ffde2e00000 - 0x00007ffde2ed6000 	C:\WINDOWS\System32\OLEAUT32.dll
0x00007ffd8c850000 - 0x00007ffd8c889000 	C:\WINDOWS\SYSTEM32\dbgcore.DLL
0x00007ffde0780000 - 0x00007ffde0819000 	C:\WINDOWS\System32\bcryptPrimitives.dll
0x00007ffdd48b0000 - 0x00007ffdd48ce000 	C:\Users\margo\.p2\pool\plugins\org.eclipse.justj.openjdk.hotspot.jre.full.win32.x86_64_23.0.0.v20240919-1706\jre\bin\java.dll
0x00007ffde1d20000 - 0x00007ffde1eb5000 	C:\WINDOWS\System32\ole32.dll
0x00007ffde1ec0000 - 0x00007ffde25c4000 	C:\WINDOWS\System32\SHELL32.dll
0x00007ffdde200000 - 0x00007ffddea37000 	C:\WINDOWS\SYSTEM32\windows.storage.dll
0x00007ffde25d0000 - 0x00007ffde26b9000 	C:\WINDOWS\System32\SHCORE.dll
0x00007ffde2a10000 - 0x00007ffde2a6d000 	C:\WINDOWS\System32\shlwapi.dll
0x00007ffde0410000 - 0x00007ffde043e000 	C:\WINDOWS\SYSTEM32\profapi.dll
0x00007ffdd3240000 - 0x00007ffdd3257000 	C:\Users\margo\.p2\pool\plugins\org.eclipse.justj.openjdk.hotspot.jre.full.win32.x86_64_23.0.0.v20240919-1706\jre\bin\zip.dll
0x00007ffdd60f0000 - 0x00007ffdd6100000 	C:\Users\margo\.p2\pool\plugins\org.eclipse.justj.openjdk.hotspot.jre.full.win32.x86_64_23.0.0.v20240919-1706\jre\bin\net.dll
0x00007ffddf950000 - 0x00007ffddf9ba000 	C:\WINDOWS\system32\mswsock.dll
0x00007ffdd3210000 - 0x00007ffdd3226000 	C:\Users\margo\.p2\pool\plugins\org.eclipse.justj.openjdk.hotspot.jre.full.win32.x86_64_23.0.0.v20240919-1706\jre\bin\nio.dll
0x00007ffdaedc0000 - 0x00007ffdaef4d000 	C:\Users\margo\.p2\pool\plugins\org.eclipse.justj.openjdk.hotspot.jre.full.win32.x86_64_23.0.0.v20240919-1706\jre\bin\awt.dll
0x00007ffdd7a80000 - 0x00007ffdd7b1c000 	C:\WINDOWS\SYSTEM32\apphelp.dll
0x00007ffdda960000 - 0x00007ffddaa0d000 	C:\WINDOWS\system32\uxtheme.dll
0x00007ffde2fb0000 - 0x00007ffde310c000 	C:\WINDOWS\System32\MSCTF.dll
0x00007ffddad50000 - 0x00007ffddad7e000 	C:\WINDOWS\system32\DWMAPI.DLL
0x00007ffd6b130000 - 0x00007ffd6b23c000 	C:\WINDOWS\system32\opengl32.dll
0x00007ffda84d0000 - 0x00007ffda84fd000 	C:\WINDOWS\SYSTEM32\GLU32.dll
0x00007ffddb040000 - 0x00007ffddb087000 	C:\WINDOWS\SYSTEM32\dxcore.dll
0x00007ffdaf580000 - 0x00007ffdaf607000 	C:\Users\margo\.p2\pool\plugins\org.eclipse.justj.openjdk.hotspot.jre.full.win32.x86_64_23.0.0.v20240919-1706\jre\bin\freetype.dll
0x00007ffdadc70000 - 0x00007ffdadd48000 	C:\Users\margo\.p2\pool\plugins\org.eclipse.justj.openjdk.hotspot.jre.full.win32.x86_64_23.0.0.v20240919-1706\jre\bin\fontmanager.dll
0x00007ffdb9d00000 - 0x00007ffdb9e46000 	C:\WINDOWS\SYSTEM32\textinputframework.dll
0x00007ffdd6f40000 - 0x00007ffdd7066000 	C:\WINDOWS\SYSTEM32\CoreMessaging.dll
0x00007ffdd34a0000 - 0x00007ffdd3783000 	C:\WINDOWS\SYSTEM32\CoreUIComponents.dll
0x00007ffdd8ed0000 - 0x00007ffdd9038000 	C:\WINDOWS\SYSTEM32\wintypes.dll
0x00007ffddfc10000 - 0x00007ffddfc1c000 	C:\WINDOWS\SYSTEM32\CRYPTBASE.DLL

dbghelp: loaded successfully - version: 4.0.5 - missing functions: none
symbol engine: initialized successfully - sym options: 0x614 - pdb path: .;C:\Users\margo\.p2\pool\plugins\org.eclipse.justj.openjdk.hotspot.jre.full.win32.x86_64_23.0.0.v20240919-1706\jre\bin;C:\WINDOWS\SYSTEM32;C:\WINDOWS\WinSxS\amd64_microsoft.windows.common-controls_6595b64144ccf1df_6.0.26100.3037_none_3e09262ce333c378;C:\Users\margo\.p2\pool\plugins\org.eclipse.justj.openjdk.hotspot.jre.full.win32.x86_64_23.0.0.v20240919-1706\jre\bin\server

VM Arguments:
java_command: supportGUI.SteinerDiskGraphsViewer -nbPoints 1000 -edgeThreshold 55
java_class_path (initial): C:\Users\margo\Documents\Dev\Projets\Steiner-tree\javabeans;C:\Users\margo\Documents\Dev\Projets\Steiner-tree\jars\supportGUI.jar
Launcher Type: SUN_STANDARD

[Global flags]
     intx CICompilerCount                          = 12                                        {product} {ergonomic}
     uint ConcGCThreads                            = 4                                         {product} {ergonomic}
     uint G1ConcRefinementThreads                  = 16                                        {product} {ergonomic}
   size_t G1HeapRegionSize                         = 4194304                                   {product} {ergonomic}
   size_t InitialHeapSize                          = 528482304                                 {product} {ergonomic}
   size_t MarkStackSize                            = 4194304                                   {product} {ergonomic}
   size_t MarkStackSizeMax                         = 536870912                                 {product} {ergonomic}
   size_t MaxHeapSize                              = 8430551040                                {product} {ergonomic}
   size_t MaxNewSize                               = 5058330624                                {product} {ergonomic}
   size_t MinHeapDeltaBytes                        = 4194304                                   {product} {ergonomic}
   size_t MinHeapSize                              = 8388608                                   {product} {ergonomic}
    uintx NonNMethodCodeHeapSize                   = 7602176                                {pd product} {ergonomic}
    uintx NonProfiledCodeHeapSize                  = 122093568                              {pd product} {ergonomic}
    uintx ProfiledCodeHeapSize                     = 121962496                              {pd product} {ergonomic}
    uintx ReservedCodeCacheSize                    = 251658240                              {pd product} {ergonomic}
     bool SegmentedCodeCache                       = true                                      {product} {ergonomic}
   size_t SoftMaxHeapSize                          = 8430551040                             {manageable} {ergonomic}
     bool UseCompressedOops                        = true                           {product lp64_product} {ergonomic}
     bool UseG1GC                                  = true                                      {product} {ergonomic}
     bool UseLargePagesIndividualAllocation        = false                                  {pd product} {ergonomic}

Logging:
Log output configuration:
 #0: stdout all=warning uptime,level,tags foldmultilines=false
 #1: stderr all=off uptime,level,tags foldmultilines=false

Environment Variables:
JAVA_HOME=C:\Program Files\Eclipse Adoptium\jdk-17.0.13.11-hotspot\
PATH=C:/Users/margo/.p2/pool/plugins/org.eclipse.justj.openjdk.hotspot.jre.full.win32.x86_64_23.0.0.v20240919-1706/jre/bin/server;C:/Users/margo/.p2/pool/plugins/org.eclipse.justj.openjdk.hotspot.jre.full.win32.x86_64_23.0.0.v20240919-1706/jre/bin;C:\Program Files\Eclipse Adoptium\jdk-17.0.13.11-hotspot\bin;C:\windows\system32;C:\windows;C:\windows\System32\Wbem;C:\windows\System32\WindowsPowerShell\v1.0\;C:\windows\System32\OpenSSH\;C:\Program Files (x86)\NVIDIA Corporation\PhysX\Common;C:\Program Files\NVIDIA Corporation\NVIDIA NvDLISR;C:\Users\Administrator\AppData\Local\Microsoft\WindowsApps;C:\Program Files\HP\OMEN-Broadcast\Common;C:\Program Files\HP\HP One Agent;C:\Users\margo\Documents\Dev\Git\cmd;%SystemRoot%\system32;%SystemRoot%;%SystemRoot%\System32\Wbem;%SYSTEMROOT%\System32\WindowsPowerShell\v1.0\;%SYSTEMROOT%\System32\OpenSSH\;C:\Users\margo\AppData\Local\Microsoft\WindowsApps;C:\Users\margo\Documents\Dev\Microsoft VS Code\bin;C:\Users\margo\Documents\Dev\CPP\MingW\bin;C:\Users\margo\AppData\Local\Microsoft\WinGet\Packages\OCaml.opam_Microsoft.Winget.Source_8wekyb3d8bbwe;"C:\Users\margo\AppData\Local\opam\default\bin;C:\Users\margo\AppData\Local\opam\.cygwin\root\usr\x86_64-w64-mingw32\sys-root\mingw\bin;C:\Program Files\Eclipse Adoptium\jdk-17.0.13.11-hotspot\bin;C:\windows\system32;C:\windows;C:\windows\System32\Wbem;C:\wind";;C:\Users\margo\Desktop\IDE;
USERNAME=margo
OS=Windows_NT
PROCESSOR_IDENTIFIER=Intel64 Family 6 Model 170 Stepping 4, GenuineIntel
TMP=C:\Users\margo\AppData\Local\Temp
TEMP=C:\Users\margo\AppData\Local\Temp




Periodic native trim disabled

---------------  S Y S T E M  ---------------

OS:
 Windows 11 , 64 bit Build 26100 (10.0.26100.3037)
OS uptime: 1 days 19:12 hours
Hyper-V role detected

CPU: total 22 (initial active 22) (11 cores per cpu, 2 threads per core) family 6 model 170 stepping 4 microcode 0x1c, cx8, cmov, fxsr, ht, mmx, 3dnowpref, sse, sse2, sse3, ssse3, sse4.1, sse4.2, popcnt, lzcnt, tsc, tscinvbit, avx, avx2, aes, erms, clmul, bmi1, bmi2, adx, sha, fma, vzeroupper, clflush, clflushopt, clwb, hv, serialize, rdtscp, rdpid, fsrm, gfni, f16c, cet_ibt, cet_ss
Processor Information for processor 0
  Max Mhz: 2300, Current Mhz: 2300, Mhz Limit: 2300
Processor Information for processor 1
  Max Mhz: 2300, Current Mhz: 2300, Mhz Limit: 2300
Processor Information for processor 2
  Max Mhz: 1800, Current Mhz: 1800, Mhz Limit: 1800
Processor Information for processor 3
  Max Mhz: 1800, Current Mhz: 1800, Mhz Limit: 1800
Processor Information for processor 4
  Max Mhz: 1800, Current Mhz: 1800, Mhz Limit: 1800
Processor Information for processor 5
  Max Mhz: 1800, Current Mhz: 1800, Mhz Limit: 1800
Processor Information for processor 6
  Max Mhz: 1800, Current Mhz: 1800, Mhz Limit: 1800
Processor Information for processor 7
  Max Mhz: 1800, Current Mhz: 1800, Mhz Limit: 1800
Processor Information for processor 8
  Max Mhz: 1800, Current Mhz: 1800, Mhz Limit: 1800
Processor Information for processor 9
  Max Mhz: 1800, Current Mhz: 1800, Mhz Limit: 1800
Processor Information for processor 10
  Max Mhz: 2300, Current Mhz: 2300, Mhz Limit: 2300
Processor Information for processor 11
  Max Mhz: 2300, Current Mhz: 2300, Mhz Limit: 2300
Processor Information for processor 12
  Max Mhz: 2300, Current Mhz: 2300, Mhz Limit: 2300
Processor Information for processor 13
  Max Mhz: 2300, Current Mhz: 2300, Mhz Limit: 2300
Processor Information for processor 14
  Max Mhz: 2300, Current Mhz: 2300, Mhz Limit: 2300
Processor Information for processor 15
  Max Mhz: 2300, Current Mhz: 2300, Mhz Limit: 2300
Processor Information for processor 16
  Max Mhz: 2300, Current Mhz: 2300, Mhz Limit: 2300
Processor Information for processor 17
  Max Mhz: 2300, Current Mhz: 2300, Mhz Limit: 2300
Processor Information for processor 18
  Max Mhz: 2300, Current Mhz: 2300, Mhz Limit: 2300
Processor Information for processor 19
  Max Mhz: 2300, Current Mhz: 2300, Mhz Limit: 2300
Processor Information for processor 20
  Max Mhz: 2500, Current Mhz: 1000, Mhz Limit: 1000
Processor Information for processor 21
  Max Mhz: 2500, Current Mhz: 1000, Mhz Limit: 1000

Memory: 4k page, system-wide physical 32151M (16382M free)
TotalPageFile size 34199M (AvailPageFile size 16543M)
current process WorkingSet (physical memory assigned to process): 200M, peak: 200M
current process commit charge ("private bytes"): 625M, peak: 658M

vm_info: OpenJDK 64-Bit Server VM (23+37) for windows-amd64 JRE (23+37), built on 2024-09-17T00:00:00Z with MS VC++ 17.7 (VS2022)

END.
